2023-06-21 17:08:37 INFO  TestBase:37 - Navigating to URL: https://naveenautomationlabs.com/opencart/index.php?route=common/home
2023-06-21 17:08:41 INFO  TestBase:42 - Navigated to URL: https://naveenautomationlabs.com/opencart/index.php?route=common/home
2023-06-21 17:08:41 INFO  TestBase:83 - Finding Element: By.cssSelector: ul.nav>li:nth-of-type(3)  a
2023-06-21 17:08:41 INFO  TestBase:88 - Found Element: By.cssSelector: ul.nav>li:nth-of-type(3)  a
2023-06-21 17:08:41 INFO  TestBase:83 - Finding Element: By.cssSelector: ul.nav>li:nth-of-type(3)  a
2023-06-21 17:08:41 INFO  TestBase:88 - Found Element: By.cssSelector: ul.nav>li:nth-of-type(3)  a
2023-06-21 17:08:41 INFO  TestBase:83 - Finding Element: By.cssSelector: ul.nav>li:nth-of-type(3)  a
2023-06-21 17:08:41 INFO  TestBase:88 - Found Element: By.cssSelector: ul.nav>li:nth-of-type(3)  a
2023-06-21 17:08:41 INFO  TestBase:99 - Clicked on: [[ChromeDriver: chrome on WINDOWS (bc2f3a22b61d9a956ae11e93a86f0862)] -> css selector: ul.nav>li:nth-of-type(3)  a]
2023-06-21 17:08:41 INFO  TestBase:83 - Finding Element: By.xpath: //a[text() = 'Monitors (2)']
2023-06-21 17:08:41 INFO  TestBase:88 - Found Element: By.xpath: //a[text() = 'Monitors (2)']
2023-06-21 17:08:42 INFO  TestBase:83 - Finding Element: By.xpath: //a[text() = 'Monitors (2)']
2023-06-21 17:08:42 INFO  TestBase:88 - Found Element: By.xpath: //a[text() = 'Monitors (2)']
2023-06-21 17:08:42 INFO  TestBase:83 - Finding Element: By.xpath: //a[text() = 'Monitors (2)']
2023-06-21 17:08:42 INFO  TestBase:88 - Found Element: By.xpath: //a[text() = 'Monitors (2)']
2023-06-21 17:08:43 INFO  TestBase:99 - Clicked on: [[ChromeDriver: chrome on WINDOWS (bc2f3a22b61d9a956ae11e93a86f0862)] -> xpath: //a[text() = 'Monitors (2)']]
2023-06-21 17:08:43 INFO  TestBase:83 - Finding Element: By.xpath: //span[text()='Add to Cart']
2023-06-21 17:08:43 INFO  TestBase:88 - Found Element: By.xpath: //span[text()='Add to Cart']
2023-06-21 17:08:43 INFO  TestBase:83 - Finding Element: By.xpath: //span[text()='Add to Cart']
2023-06-21 17:08:43 INFO  TestBase:88 - Found Element: By.xpath: //span[text()='Add to Cart']
2023-06-21 17:08:43 INFO  TestBase:83 - Finding Element: By.xpath: //span[text()='Add to Cart']
2023-06-21 17:08:43 INFO  TestBase:88 - Found Element: By.xpath: //span[text()='Add to Cart']
2023-06-21 17:08:43 INFO  TestBase:99 - Clicked on: [[ChromeDriver: chrome on WINDOWS (bc2f3a22b61d9a956ae11e93a86f0862)] -> xpath: //span[text()='Add to Cart']]
2023-06-21 17:08:53 INFO  TestBase:83 - Finding Element: By.cssSelector: input[name='option[223][]']
2023-06-21 17:08:53 INFO  TestBase:88 - Found Element: By.cssSelector: input[name='option[223][]']
2023-06-21 17:08:53 INFO  TestBase:83 - Finding Element: By.cssSelector: input[name='option[223][]']
2023-06-21 17:08:53 INFO  TestBase:88 - Found Element: By.cssSelector: input[name='option[223][]']
2023-06-21 17:08:53 INFO  TestBase:83 - Finding Element: By.cssSelector: input[name='option[223][]']
2023-06-21 17:08:53 INFO  TestBase:88 - Found Element: By.cssSelector: input[name='option[223][]']
2023-06-21 17:08:53 INFO  TestBase:99 - Clicked on: [[ChromeDriver: chrome on WINDOWS (bc2f3a22b61d9a956ae11e93a86f0862)] -> css selector: input[name='option[223][]']]
2023-06-21 17:08:53 INFO  TestBase:83 - Finding Element: By.cssSelector: #input-option208
2023-06-21 17:08:53 INFO  TestBase:88 - Found Element: By.cssSelector: #input-option208
2023-06-21 17:08:53 INFO  TestBase:83 - Finding Element: By.cssSelector: #input-option208
2023-06-21 17:08:53 INFO  TestBase:88 - Found Element: By.cssSelector: #input-option208
2023-06-21 17:08:53 INFO  TestBase:83 - Finding Element: By.cssSelector: #input-option217
2023-06-21 17:08:53 INFO  TestBase:88 - Found Element: By.cssSelector: #input-option217
2023-06-21 17:08:53 INFO  TestBase:83 - Finding Element: By.cssSelector: #input-option217
2023-06-21 17:08:53 INFO  TestBase:88 - Found Element: By.cssSelector: #input-option217
2023-06-21 17:08:53 INFO  TestBase:83 - Finding Element: By.cssSelector: #input-option217
2023-06-21 17:08:53 INFO  TestBase:88 - Found Element: By.cssSelector: #input-option217
2023-06-21 17:08:53 INFO  TestBase:83 - Finding Element: By.cssSelector: #input-option217
2023-06-21 17:08:53 INFO  TestBase:88 - Found Element: By.cssSelector: #input-option217
2023-06-21 17:08:53 INFO  TestBase:83 - Finding Element: By.xpath: .//option[@value = "1"]
2023-06-21 17:08:53 INFO  TestBase:88 - Found Element: By.xpath: .//option[@value = "1"]
2023-06-21 17:08:53 INFO  TestBase:99 - Clicked on: [[[[ChromeDriver: chrome on WINDOWS (bc2f3a22b61d9a956ae11e93a86f0862)] -> css selector: #input-option217]] -> xpath: .//option[@value = "1"]]
2023-06-21 17:08:53 INFO  TestBase:83 - Finding Element: By.cssSelector: #input-option209
2023-06-21 17:08:54 INFO  TestBase:88 - Found Element: By.cssSelector: #input-option209
2023-06-21 17:08:54 INFO  TestBase:83 - Finding Element: By.cssSelector: #input-option209
2023-06-21 17:08:54 INFO  TestBase:88 - Found Element: By.cssSelector: #input-option209
2023-06-21 17:08:54 INFO  TestBase:83 - Finding Element: By.cssSelector: #button-upload222
2023-06-21 17:08:54 INFO  TestBase:88 - Found Element: By.cssSelector: #button-upload222
2023-06-21 17:08:54 INFO  TestBase:99 - Clicked on: [[ChromeDriver: chrome on WINDOWS (bc2f3a22b61d9a956ae11e93a86f0862)] -> css selector: #button-upload222]
2023-06-21 17:09:05 INFO  TestBase:21 - Alert accepted
2023-06-21 17:09:05 INFO  TestBase:83 - Finding Element: By.cssSelector: button#button-cart
2023-06-21 17:09:05 INFO  TestBase:88 - Found Element: By.cssSelector: button#button-cart
2023-06-21 17:09:05 INFO  TestBase:83 - Finding Element: By.cssSelector: button#button-cart
2023-06-21 17:09:05 INFO  TestBase:88 - Found Element: By.cssSelector: button#button-cart
2023-06-21 17:09:05 INFO  TestBase:83 - Finding Element: By.cssSelector: button#button-cart
2023-06-21 17:09:05 INFO  TestBase:88 - Found Element: By.cssSelector: button#button-cart
2023-06-21 17:09:05 INFO  TestBase:99 - Clicked on: [[ChromeDriver: chrome on WINDOWS (bc2f3a22b61d9a956ae11e93a86f0862)] -> css selector: button#button-cart]
2023-06-21 17:09:05 INFO  TestBase:83 - Finding Element: By.cssSelector: div.alert-success
2023-06-21 17:09:05 INFO  TestBase:88 - Found Element: By.cssSelector: div.alert-success
2023-06-21 17:09:05 INFO  TestBase:83 - Finding Element: By.cssSelector: div.alert-success
2023-06-21 17:09:05 INFO  TestBase:88 - Found Element: By.cssSelector: div.alert-success
2023-06-21 17:09:06 INFO  TestBase:83 - Finding Element: By.cssSelector: div#product-product div.alert-success a:nth-of-type(2)
2023-06-21 17:09:06 INFO  TestBase:88 - Found Element: By.cssSelector: div#product-product div.alert-success a:nth-of-type(2)
2023-06-21 17:09:06 INFO  TestBase:83 - Finding Element: By.cssSelector: div#product-product div.alert-success a:nth-of-type(2)
2023-06-21 17:09:06 INFO  TestBase:88 - Found Element: By.cssSelector: div#product-product div.alert-success a:nth-of-type(2)
2023-06-21 18:10:40 INFO  TestBase:37 - Navigating to URL: https://naveenautomationlabs.com/opencart/index.php?route=common/home
2023-06-21 18:10:43 INFO  TestBase:42 - Navigated to URL: https://naveenautomationlabs.com/opencart/index.php?route=common/home
2023-06-21 18:10:43 INFO  TestBase:80 - Finding Element: By.cssSelector: ul.nav>li:nth-of-type(3)  a
2023-06-21 18:10:43 INFO  TestBase:85 - Found Element: By.cssSelector: ul.nav>li:nth-of-type(3)  a
2023-06-21 18:10:43 INFO  TestBase:80 - Finding Element: By.cssSelector: ul.nav>li:nth-of-type(3)  a
2023-06-21 18:10:43 INFO  TestBase:85 - Found Element: By.cssSelector: ul.nav>li:nth-of-type(3)  a
2023-06-21 18:10:43 INFO  TestBase:80 - Finding Element: By.cssSelector: ul.nav>li:nth-of-type(3)  a
2023-06-21 18:10:43 INFO  TestBase:85 - Found Element: By.cssSelector: ul.nav>li:nth-of-type(3)  a
2023-06-21 18:10:43 INFO  TestBase:96 - Clicked on: [[ChromeDriver: chrome on WINDOWS (db7e3a3ec9990bf92d38ccfd2891d955)] -> css selector: ul.nav>li:nth-of-type(3)  a]
2023-06-21 18:10:43 INFO  TestBase:80 - Finding Element: By.xpath: //a[text() = 'Monitors (2)']
2023-06-21 18:10:43 INFO  TestBase:85 - Found Element: By.xpath: //a[text() = 'Monitors (2)']
2023-06-21 18:10:44 INFO  TestBase:80 - Finding Element: By.xpath: //a[text() = 'Monitors (2)']
2023-06-21 18:10:44 INFO  TestBase:85 - Found Element: By.xpath: //a[text() = 'Monitors (2)']
2023-06-21 18:10:44 INFO  TestBase:80 - Finding Element: By.xpath: //a[text() = 'Monitors (2)']
2023-06-21 18:10:44 INFO  TestBase:85 - Found Element: By.xpath: //a[text() = 'Monitors (2)']
2023-06-21 18:10:44 INFO  TestBase:96 - Clicked on: [[ChromeDriver: chrome on WINDOWS (db7e3a3ec9990bf92d38ccfd2891d955)] -> xpath: //a[text() = 'Monitors (2)']]
2023-06-21 18:10:44 INFO  TestBase:80 - Finding Element: By.xpath: //span[text()='Add to Cart']
2023-06-21 18:10:44 INFO  TestBase:85 - Found Element: By.xpath: //span[text()='Add to Cart']
2023-06-21 18:10:44 INFO  TestBase:80 - Finding Element: By.xpath: //span[text()='Add to Cart']
2023-06-21 18:10:44 INFO  TestBase:85 - Found Element: By.xpath: //span[text()='Add to Cart']
2023-06-21 18:10:44 INFO  TestBase:80 - Finding Element: By.xpath: //span[text()='Add to Cart']
2023-06-21 18:10:44 INFO  TestBase:85 - Found Element: By.xpath: //span[text()='Add to Cart']
2023-06-21 18:10:44 INFO  TestBase:96 - Clicked on: [[ChromeDriver: chrome on WINDOWS (db7e3a3ec9990bf92d38ccfd2891d955)] -> xpath: //span[text()='Add to Cart']]
2023-06-21 18:10:54 INFO  TestBase:80 - Finding Element: By.cssSelector: input[name='option[223][]']
2023-06-21 18:10:54 INFO  TestBase:85 - Found Element: By.cssSelector: input[name='option[223][]']
2023-06-21 18:10:54 INFO  TestBase:80 - Finding Element: By.cssSelector: input[name='option[223][]']
2023-06-21 18:10:54 INFO  TestBase:85 - Found Element: By.cssSelector: input[name='option[223][]']
2023-06-21 18:10:54 INFO  TestBase:80 - Finding Element: By.cssSelector: input[name='option[223][]']
2023-06-21 18:10:54 INFO  TestBase:85 - Found Element: By.cssSelector: input[name='option[223][]']
2023-06-21 18:10:55 INFO  TestBase:96 - Clicked on: [[ChromeDriver: chrome on WINDOWS (db7e3a3ec9990bf92d38ccfd2891d955)] -> css selector: input[name='option[223][]']]
2023-06-21 18:10:55 INFO  TestBase:80 - Finding Element: By.cssSelector: #input-option208
2023-06-21 18:10:55 INFO  TestBase:85 - Found Element: By.cssSelector: #input-option208
2023-06-21 18:10:55 INFO  TestBase:80 - Finding Element: By.cssSelector: #input-option208
2023-06-21 18:10:55 INFO  TestBase:85 - Found Element: By.cssSelector: #input-option208
2023-06-21 18:10:55 INFO  TestBase:80 - Finding Element: By.cssSelector: #input-option217
2023-06-21 18:10:55 INFO  TestBase:85 - Found Element: By.cssSelector: #input-option217
2023-06-21 18:10:55 INFO  TestBase:80 - Finding Element: By.cssSelector: #input-option217
2023-06-21 18:10:55 INFO  TestBase:85 - Found Element: By.cssSelector: #input-option217
2023-06-21 18:10:55 INFO  TestBase:80 - Finding Element: By.cssSelector: #input-option217
2023-06-21 18:10:55 INFO  TestBase:85 - Found Element: By.cssSelector: #input-option217
2023-06-21 18:10:55 INFO  TestBase:80 - Finding Element: By.cssSelector: #input-option217
2023-06-21 18:10:55 INFO  TestBase:85 - Found Element: By.cssSelector: #input-option217
2023-06-21 18:10:55 INFO  TestBase:80 - Finding Element: By.xpath: .//option[@value = "1"]
2023-06-21 18:10:55 INFO  TestBase:85 - Found Element: By.xpath: .//option[@value = "1"]
2023-06-21 18:10:55 INFO  TestBase:96 - Clicked on: [[[[ChromeDriver: chrome on WINDOWS (db7e3a3ec9990bf92d38ccfd2891d955)] -> css selector: #input-option217]] -> xpath: .//option[@value = "1"]]
2023-06-21 18:10:55 INFO  TestBase:80 - Finding Element: By.cssSelector: #input-option209
2023-06-21 18:10:55 INFO  TestBase:85 - Found Element: By.cssSelector: #input-option209
2023-06-21 18:10:55 INFO  TestBase:80 - Finding Element: By.cssSelector: #input-option209
2023-06-21 18:10:55 INFO  TestBase:85 - Found Element: By.cssSelector: #input-option209
2023-06-21 18:10:55 INFO  TestBase:80 - Finding Element: By.cssSelector: #button-upload222
2023-06-21 18:10:55 INFO  TestBase:85 - Found Element: By.cssSelector: #button-upload222
2023-06-21 18:10:55 INFO  TestBase:96 - Clicked on: [[ChromeDriver: chrome on WINDOWS (db7e3a3ec9990bf92d38ccfd2891d955)] -> css selector: #button-upload222]
2023-06-21 18:11:05 INFO  TestBase:21 - Alert accepted
2023-06-21 18:11:05 INFO  TestBase:80 - Finding Element: By.cssSelector: button#button-cart
2023-06-21 18:11:05 INFO  TestBase:85 - Found Element: By.cssSelector: button#button-cart
2023-06-21 18:11:05 INFO  TestBase:80 - Finding Element: By.cssSelector: button#button-cart
2023-06-21 18:11:05 INFO  TestBase:85 - Found Element: By.cssSelector: button#button-cart
2023-06-21 18:11:05 INFO  TestBase:80 - Finding Element: By.cssSelector: button#button-cart
2023-06-21 18:11:05 INFO  TestBase:85 - Found Element: By.cssSelector: button#button-cart
2023-06-21 18:11:06 INFO  TestBase:96 - Clicked on: [[ChromeDriver: chrome on WINDOWS (db7e3a3ec9990bf92d38ccfd2891d955)] -> css selector: button#button-cart]
2023-06-21 18:11:06 INFO  TestBase:80 - Finding Element: By.cssSelector: div.alert-success
2023-06-21 18:11:06 INFO  TestBase:85 - Found Element: By.cssSelector: div.alert-success
2023-06-21 18:11:06 INFO  TestBase:80 - Finding Element: By.cssSelector: div.alert-success
2023-06-21 18:11:06 INFO  TestBase:85 - Found Element: By.cssSelector: div.alert-success
2023-06-21 18:11:06 INFO  TestBase:160 - Got Text: Success: You have added Apple Cinema 30" to your shopping cart!
×
2023-06-21 18:11:06 INFO  TestBase:80 - Finding Element: By.cssSelector: div#product-product div.alert-success a:nth-of-type(2)
2023-06-21 18:11:06 INFO  TestBase:85 - Found Element: By.cssSelector: div#product-product div.alert-success a:nth-of-type(2)
2023-06-21 18:11:06 INFO  TestBase:80 - Finding Element: By.cssSelector: div#product-product div.alert-success a:nth-of-type(2)
2023-06-21 18:11:06 INFO  TestBase:85 - Found Element: By.cssSelector: div#product-product div.alert-success a:nth-of-type(2)
2023-06-21 18:11:08 INFO  TestBase:96 - Clicked on: [[ChromeDriver: chrome on WINDOWS (db7e3a3ec9990bf92d38ccfd2891d955)] -> css selector: div#product-product div.alert-success a:nth-of-type(2)]
2023-06-21 18:11:08 INFO  TestBase:80 - Finding Element: By.xpath: //a[text()='Checkout']
2023-06-21 18:11:08 INFO  TestBase:85 - Found Element: By.xpath: //a[text()='Checkout']
2023-06-21 18:11:08 INFO  TestBase:80 - Finding Element: By.xpath: //a[text()='Checkout']
2023-06-21 18:11:08 INFO  TestBase:85 - Found Element: By.xpath: //a[text()='Checkout']
2023-06-21 18:11:08 INFO  TestBase:80 - Finding Element: By.xpath: //a[text()='Checkout']
2023-06-21 18:11:08 INFO  TestBase:85 - Found Element: By.xpath: //a[text()='Checkout']
2023-06-21 18:11:09 INFO  TestBase:96 - Clicked on: [[ChromeDriver: chrome on WINDOWS (db7e3a3ec9990bf92d38ccfd2891d955)] -> xpath: //a[text()='Checkout']]
2023-06-21 18:11:09 INFO  TestBase:80 - Finding Element: By.cssSelector: #input-email
2023-06-21 18:11:24 INFO  TestBase:80 - Finding Element: By.cssSelector: #input-email
2023-06-21 18:13:41 INFO  TestBase:37 - Navigating to URL: https://naveenautomationlabs.com/opencart/index.php?route=common/home
2023-06-21 18:13:44 INFO  TestBase:42 - Navigated to URL: https://naveenautomationlabs.com/opencart/index.php?route=common/home
2023-06-21 18:13:44 INFO  TestBase:80 - Finding Element: By.cssSelector: ul.nav>li:nth-of-type(3)  a
2023-06-21 18:13:44 INFO  TestBase:85 - Found Element: By.cssSelector: ul.nav>li:nth-of-type(3)  a
2023-06-21 18:13:45 INFO  TestBase:80 - Finding Element: By.cssSelector: ul.nav>li:nth-of-type(3)  a
2023-06-21 18:13:45 INFO  TestBase:85 - Found Element: By.cssSelector: ul.nav>li:nth-of-type(3)  a
2023-06-21 18:13:45 INFO  TestBase:80 - Finding Element: By.cssSelector: ul.nav>li:nth-of-type(3)  a
2023-06-21 18:13:45 INFO  TestBase:85 - Found Element: By.cssSelector: ul.nav>li:nth-of-type(3)  a
2023-06-21 18:13:45 INFO  TestBase:96 - Clicked on: [[ChromeDriver: chrome on WINDOWS (2c8757a91779b839b8f8818b8e101817)] -> css selector: ul.nav>li:nth-of-type(3)  a]
2023-06-21 18:13:45 INFO  TestBase:80 - Finding Element: By.xpath: //a[text() = 'Monitors (2)']
2023-06-21 18:13:45 INFO  TestBase:85 - Found Element: By.xpath: //a[text() = 'Monitors (2)']
2023-06-21 18:13:45 INFO  TestBase:80 - Finding Element: By.xpath: //a[text() = 'Monitors (2)']
2023-06-21 18:13:45 INFO  TestBase:85 - Found Element: By.xpath: //a[text() = 'Monitors (2)']
2023-06-21 18:13:45 INFO  TestBase:80 - Finding Element: By.xpath: //a[text() = 'Monitors (2)']
2023-06-21 18:13:45 INFO  TestBase:85 - Found Element: By.xpath: //a[text() = 'Monitors (2)']
2023-06-21 18:13:46 INFO  TestBase:96 - Clicked on: [[ChromeDriver: chrome on WINDOWS (2c8757a91779b839b8f8818b8e101817)] -> xpath: //a[text() = 'Monitors (2)']]
2023-06-21 18:13:46 INFO  TestBase:80 - Finding Element: By.xpath: //span[text()='Add to Cart']
2023-06-21 18:13:46 INFO  TestBase:85 - Found Element: By.xpath: //span[text()='Add to Cart']
2023-06-21 18:13:46 INFO  TestBase:80 - Finding Element: By.xpath: //span[text()='Add to Cart']
2023-06-21 18:13:46 INFO  TestBase:85 - Found Element: By.xpath: //span[text()='Add to Cart']
2023-06-21 18:13:46 INFO  TestBase:80 - Finding Element: By.xpath: //span[text()='Add to Cart']
2023-06-21 18:13:46 INFO  TestBase:85 - Found Element: By.xpath: //span[text()='Add to Cart']
2023-06-21 18:13:46 INFO  TestBase:96 - Clicked on: [[ChromeDriver: chrome on WINDOWS (2c8757a91779b839b8f8818b8e101817)] -> xpath: //span[text()='Add to Cart']]
2023-06-21 18:13:56 INFO  TestBase:80 - Finding Element: By.cssSelector: input[name='option[223][]']
2023-06-21 18:13:56 INFO  TestBase:85 - Found Element: By.cssSelector: input[name='option[223][]']
2023-06-21 18:13:56 INFO  TestBase:80 - Finding Element: By.cssSelector: input[name='option[223][]']
2023-06-21 18:13:56 INFO  TestBase:85 - Found Element: By.cssSelector: input[name='option[223][]']
2023-06-21 18:13:56 INFO  TestBase:80 - Finding Element: By.cssSelector: input[name='option[223][]']
2023-06-21 18:13:56 INFO  TestBase:85 - Found Element: By.cssSelector: input[name='option[223][]']
2023-06-21 18:13:56 INFO  TestBase:96 - Clicked on: [[ChromeDriver: chrome on WINDOWS (2c8757a91779b839b8f8818b8e101817)] -> css selector: input[name='option[223][]']]
2023-06-21 18:13:56 INFO  TestBase:80 - Finding Element: By.cssSelector: #input-option208
2023-06-21 18:13:56 INFO  TestBase:85 - Found Element: By.cssSelector: #input-option208
2023-06-21 18:13:56 INFO  TestBase:80 - Finding Element: By.cssSelector: #input-option208
2023-06-21 18:13:56 INFO  TestBase:85 - Found Element: By.cssSelector: #input-option208
2023-06-21 18:13:57 INFO  TestBase:80 - Finding Element: By.cssSelector: #input-option217
2023-06-21 18:13:57 INFO  TestBase:85 - Found Element: By.cssSelector: #input-option217
2023-06-21 18:13:57 INFO  TestBase:80 - Finding Element: By.cssSelector: #input-option217
2023-06-21 18:13:57 INFO  TestBase:85 - Found Element: By.cssSelector: #input-option217
2023-06-21 18:13:57 INFO  TestBase:80 - Finding Element: By.cssSelector: #input-option217
2023-06-21 18:13:57 INFO  TestBase:85 - Found Element: By.cssSelector: #input-option217
2023-06-21 18:13:57 INFO  TestBase:80 - Finding Element: By.cssSelector: #input-option217
2023-06-21 18:13:57 INFO  TestBase:85 - Found Element: By.cssSelector: #input-option217
2023-06-21 18:13:57 INFO  TestBase:80 - Finding Element: By.xpath: .//option[@value = "1"]
2023-06-21 18:13:57 INFO  TestBase:85 - Found Element: By.xpath: .//option[@value = "1"]
2023-06-21 18:13:57 INFO  TestBase:96 - Clicked on: [[[[ChromeDriver: chrome on WINDOWS (2c8757a91779b839b8f8818b8e101817)] -> css selector: #input-option217]] -> xpath: .//option[@value = "1"]]
2023-06-21 18:13:57 INFO  TestBase:80 - Finding Element: By.cssSelector: #input-option209
2023-06-21 18:13:57 INFO  TestBase:85 - Found Element: By.cssSelector: #input-option209
2023-06-21 18:13:57 INFO  TestBase:80 - Finding Element: By.cssSelector: #input-option209
2023-06-21 18:13:57 INFO  TestBase:85 - Found Element: By.cssSelector: #input-option209
2023-06-21 18:13:57 INFO  TestBase:80 - Finding Element: By.cssSelector: #button-upload222
2023-06-21 18:13:57 INFO  TestBase:85 - Found Element: By.cssSelector: #button-upload222
2023-06-21 18:13:57 INFO  TestBase:96 - Clicked on: [[ChromeDriver: chrome on WINDOWS (2c8757a91779b839b8f8818b8e101817)] -> css selector: #button-upload222]
2023-06-21 18:14:08 INFO  TestBase:21 - Alert accepted
2023-06-21 18:14:08 INFO  TestBase:80 - Finding Element: By.cssSelector: button#button-cart
2023-06-21 18:14:08 INFO  TestBase:85 - Found Element: By.cssSelector: button#button-cart
2023-06-21 18:14:08 INFO  TestBase:80 - Finding Element: By.cssSelector: button#button-cart
2023-06-21 18:14:08 INFO  TestBase:85 - Found Element: By.cssSelector: button#button-cart
2023-06-21 18:14:08 INFO  TestBase:80 - Finding Element: By.cssSelector: button#button-cart
2023-06-21 18:14:08 INFO  TestBase:85 - Found Element: By.cssSelector: button#button-cart
2023-06-21 18:14:08 INFO  TestBase:96 - Clicked on: [[ChromeDriver: chrome on WINDOWS (2c8757a91779b839b8f8818b8e101817)] -> css selector: button#button-cart]
2023-06-21 18:14:08 INFO  TestBase:80 - Finding Element: By.cssSelector: div.alert-success
2023-06-21 18:14:09 INFO  TestBase:85 - Found Element: By.cssSelector: div.alert-success
2023-06-21 18:14:09 INFO  TestBase:80 - Finding Element: By.cssSelector: div.alert-success
2023-06-21 18:14:09 INFO  TestBase:85 - Found Element: By.cssSelector: div.alert-success
2023-06-21 18:14:09 INFO  TestBase:160 - Got Text: Success: You have added Apple Cinema 30" to your shopping cart!
×
2023-06-21 18:14:09 INFO  TestBase:80 - Finding Element: By.cssSelector: div#product-product div.alert-success a:nth-of-type(2)
2023-06-21 18:14:09 INFO  TestBase:85 - Found Element: By.cssSelector: div#product-product div.alert-success a:nth-of-type(2)
2023-06-21 18:14:09 INFO  TestBase:80 - Finding Element: By.cssSelector: div#product-product div.alert-success a:nth-of-type(2)
2023-06-21 18:14:09 INFO  TestBase:85 - Found Element: By.cssSelector: div#product-product div.alert-success a:nth-of-type(2)
2023-06-21 18:14:10 INFO  TestBase:96 - Clicked on: [[ChromeDriver: chrome on WINDOWS (2c8757a91779b839b8f8818b8e101817)] -> css selector: div#product-product div.alert-success a:nth-of-type(2)]
2023-06-21 18:14:10 INFO  TestBase:80 - Finding Element: By.xpath: //a[text()='Checkout']
2023-06-21 18:14:10 INFO  TestBase:85 - Found Element: By.xpath: //a[text()='Checkout']
2023-06-21 18:14:10 INFO  TestBase:80 - Finding Element: By.xpath: //a[text()='Checkout']
2023-06-21 18:14:10 INFO  TestBase:85 - Found Element: By.xpath: //a[text()='Checkout']
2023-06-21 18:14:10 INFO  TestBase:80 - Finding Element: By.xpath: //a[text()='Checkout']
2023-06-21 18:14:10 INFO  TestBase:85 - Found Element: By.xpath: //a[text()='Checkout']
2023-06-21 18:14:11 INFO  TestBase:96 - Clicked on: [[ChromeDriver: chrome on WINDOWS (2c8757a91779b839b8f8818b8e101817)] -> xpath: //a[text()='Checkout']]
2023-06-21 18:14:11 INFO  TestBase:80 - Finding Element: By.cssSelector: #input-email
2023-06-21 18:14:26 INFO  TestBase:80 - Finding Element: By.cssSelector: #input-email
2023-06-22 14:23:24 INFO  TestBase:37 - Navigating to URL: https://naveenautomationlabs.com/opencart/index.php?route=common/home
2023-06-22 14:23:28 INFO  TestBase:42 - Navigated to URL: https://naveenautomationlabs.com/opencart/index.php?route=common/home
2023-06-22 14:23:28 INFO  TestBase:13 - Test execution started for vaildateOrderHasBeenPlaced
2023-06-22 14:23:28 INFO  TestBase:80 - Finding Element: By.cssSelector: ul.nav>li:nth-of-type(3)  a
2023-06-22 14:23:28 INFO  TestBase:85 - Found Element: By.cssSelector: ul.nav>li:nth-of-type(3)  a
2023-06-22 14:23:28 INFO  TestBase:80 - Finding Element: By.cssSelector: ul.nav>li:nth-of-type(3)  a
2023-06-22 14:23:29 INFO  TestBase:85 - Found Element: By.cssSelector: ul.nav>li:nth-of-type(3)  a
2023-06-22 14:23:29 INFO  TestBase:80 - Finding Element: By.cssSelector: ul.nav>li:nth-of-type(3)  a
2023-06-22 14:23:29 INFO  TestBase:85 - Found Element: By.cssSelector: ul.nav>li:nth-of-type(3)  a
2023-06-22 14:23:29 INFO  TestBase:96 - Clicked on: [[ChromeDriver: chrome on WINDOWS (de230af91c4390fc98ee71187ec57e50)] -> css selector: ul.nav>li:nth-of-type(3)  a]
2023-06-22 14:23:29 INFO  TestBase:80 - Finding Element: By.xpath: //a[text() = 'Monitors (2)']
2023-06-22 14:23:29 INFO  TestBase:85 - Found Element: By.xpath: //a[text() = 'Monitors (2)']
2023-06-22 14:23:29 INFO  TestBase:80 - Finding Element: By.xpath: //a[text() = 'Monitors (2)']
2023-06-22 14:23:29 INFO  TestBase:85 - Found Element: By.xpath: //a[text() = 'Monitors (2)']
2023-06-22 14:23:29 INFO  TestBase:80 - Finding Element: By.xpath: //a[text() = 'Monitors (2)']
2023-06-22 14:23:29 INFO  TestBase:85 - Found Element: By.xpath: //a[text() = 'Monitors (2)']
2023-06-22 14:23:30 INFO  TestBase:96 - Clicked on: [[ChromeDriver: chrome on WINDOWS (de230af91c4390fc98ee71187ec57e50)] -> xpath: //a[text() = 'Monitors (2)']]
2023-06-22 14:23:30 INFO  TestBase:80 - Finding Element: By.xpath: //span[text()='Add to Cart']
2023-06-22 14:23:30 INFO  TestBase:85 - Found Element: By.xpath: //span[text()='Add to Cart']
2023-06-22 14:23:30 INFO  TestBase:80 - Finding Element: By.xpath: //span[text()='Add to Cart']
2023-06-22 14:23:30 INFO  TestBase:85 - Found Element: By.xpath: //span[text()='Add to Cart']
2023-06-22 14:23:30 INFO  TestBase:80 - Finding Element: By.xpath: //span[text()='Add to Cart']
2023-06-22 14:23:30 INFO  TestBase:85 - Found Element: By.xpath: //span[text()='Add to Cart']
2023-06-22 14:23:30 INFO  TestBase:96 - Clicked on: [[ChromeDriver: chrome on WINDOWS (de230af91c4390fc98ee71187ec57e50)] -> xpath: //span[text()='Add to Cart']]
2023-06-22 14:23:41 INFO  TestBase:80 - Finding Element: By.cssSelector: input[name='option[223][]']
2023-06-22 14:23:41 INFO  TestBase:85 - Found Element: By.cssSelector: input[name='option[223][]']
2023-06-22 14:23:41 INFO  TestBase:80 - Finding Element: By.cssSelector: input[name='option[223][]']
2023-06-22 14:23:41 INFO  TestBase:85 - Found Element: By.cssSelector: input[name='option[223][]']
2023-06-22 14:23:41 INFO  TestBase:80 - Finding Element: By.cssSelector: input[name='option[223][]']
2023-06-22 14:23:41 INFO  TestBase:85 - Found Element: By.cssSelector: input[name='option[223][]']
2023-06-22 14:23:41 INFO  TestBase:96 - Clicked on: [[ChromeDriver: chrome on WINDOWS (de230af91c4390fc98ee71187ec57e50)] -> css selector: input[name='option[223][]']]
2023-06-22 14:23:41 INFO  TestBase:80 - Finding Element: By.cssSelector: #input-option208
2023-06-22 14:23:41 INFO  TestBase:85 - Found Element: By.cssSelector: #input-option208
2023-06-22 14:23:41 INFO  TestBase:80 - Finding Element: By.cssSelector: #input-option208
2023-06-22 14:23:41 INFO  TestBase:85 - Found Element: By.cssSelector: #input-option208
2023-06-22 14:23:41 INFO  TestBase:80 - Finding Element: By.cssSelector: #input-option217
2023-06-22 14:23:41 INFO  TestBase:85 - Found Element: By.cssSelector: #input-option217
2023-06-22 14:23:41 INFO  TestBase:80 - Finding Element: By.cssSelector: #input-option217
2023-06-22 14:23:41 INFO  TestBase:85 - Found Element: By.cssSelector: #input-option217
2023-06-22 14:23:41 INFO  TestBase:80 - Finding Element: By.cssSelector: #input-option217
2023-06-22 14:23:41 INFO  TestBase:85 - Found Element: By.cssSelector: #input-option217
2023-06-22 14:23:41 INFO  TestBase:80 - Finding Element: By.cssSelector: #input-option217
2023-06-22 14:23:41 INFO  TestBase:85 - Found Element: By.cssSelector: #input-option217
2023-06-22 14:23:41 INFO  TestBase:80 - Finding Element: By.xpath: .//option[@value = "1"]
2023-06-22 14:23:41 INFO  TestBase:85 - Found Element: By.xpath: .//option[@value = "1"]
2023-06-22 14:23:41 INFO  TestBase:96 - Clicked on: [[[[ChromeDriver: chrome on WINDOWS (de230af91c4390fc98ee71187ec57e50)] -> css selector: #input-option217]] -> xpath: .//option[@value = "1"]]
2023-06-22 14:23:41 INFO  TestBase:80 - Finding Element: By.cssSelector: #input-option209
2023-06-22 14:23:41 INFO  TestBase:85 - Found Element: By.cssSelector: #input-option209
2023-06-22 14:23:41 INFO  TestBase:80 - Finding Element: By.cssSelector: #input-option209
2023-06-22 14:23:41 INFO  TestBase:85 - Found Element: By.cssSelector: #input-option209
2023-06-22 14:23:42 INFO  TestBase:80 - Finding Element: By.cssSelector: #button-upload222
2023-06-22 14:23:42 INFO  TestBase:85 - Found Element: By.cssSelector: #button-upload222
2023-06-22 14:23:42 INFO  TestBase:96 - Clicked on: [[ChromeDriver: chrome on WINDOWS (de230af91c4390fc98ee71187ec57e50)] -> css selector: #button-upload222]
2023-06-22 14:23:52 INFO  TestBase:21 - Alert accepted
2023-06-22 14:23:52 INFO  TestBase:80 - Finding Element: By.cssSelector: button#button-cart
2023-06-22 14:23:52 INFO  TestBase:85 - Found Element: By.cssSelector: button#button-cart
2023-06-22 14:23:52 INFO  TestBase:80 - Finding Element: By.cssSelector: button#button-cart
2023-06-22 14:23:52 INFO  TestBase:85 - Found Element: By.cssSelector: button#button-cart
2023-06-22 14:23:52 INFO  TestBase:80 - Finding Element: By.cssSelector: button#button-cart
2023-06-22 14:23:52 INFO  TestBase:85 - Found Element: By.cssSelector: button#button-cart
2023-06-22 14:23:53 INFO  TestBase:96 - Clicked on: [[ChromeDriver: chrome on WINDOWS (de230af91c4390fc98ee71187ec57e50)] -> css selector: button#button-cart]
2023-06-22 14:23:53 INFO  TestBase:80 - Finding Element: By.cssSelector: div.alert-success
2023-06-22 14:23:53 INFO  TestBase:85 - Found Element: By.cssSelector: div.alert-success
2023-06-22 14:23:53 INFO  TestBase:80 - Finding Element: By.cssSelector: div.alert-success
2023-06-22 14:23:53 INFO  TestBase:85 - Found Element: By.cssSelector: div.alert-success
2023-06-22 14:23:53 INFO  TestBase:160 - Got Text: Success: You have added Apple Cinema 30" to your shopping cart!
×
2023-06-22 14:23:53 INFO  TestBase:80 - Finding Element: By.cssSelector: div#product-product div.alert-success a:nth-of-type(2)
2023-06-22 14:23:53 INFO  TestBase:85 - Found Element: By.cssSelector: div#product-product div.alert-success a:nth-of-type(2)
2023-06-22 14:23:53 INFO  TestBase:80 - Finding Element: By.cssSelector: div#product-product div.alert-success a:nth-of-type(2)
2023-06-22 14:23:53 INFO  TestBase:85 - Found Element: By.cssSelector: div#product-product div.alert-success a:nth-of-type(2)
2023-06-22 14:23:54 INFO  TestBase:96 - Clicked on: [[ChromeDriver: chrome on WINDOWS (de230af91c4390fc98ee71187ec57e50)] -> css selector: div#product-product div.alert-success a:nth-of-type(2)]
2023-06-22 14:23:54 INFO  TestBase:80 - Finding Element: By.xpath: //a[text()='Checkout']
2023-06-22 14:23:54 INFO  TestBase:85 - Found Element: By.xpath: //a[text()='Checkout']
2023-06-22 14:23:55 INFO  TestBase:80 - Finding Element: By.xpath: //a[text()='Checkout']
2023-06-22 14:23:55 INFO  TestBase:85 - Found Element: By.xpath: //a[text()='Checkout']
2023-06-22 14:23:55 INFO  TestBase:80 - Finding Element: By.xpath: //a[text()='Checkout']
2023-06-22 14:23:55 INFO  TestBase:85 - Found Element: By.xpath: //a[text()='Checkout']
2023-06-22 14:23:56 INFO  TestBase:96 - Clicked on: [[ChromeDriver: chrome on WINDOWS (de230af91c4390fc98ee71187ec57e50)] -> xpath: //a[text()='Checkout']]
2023-06-22 14:23:56 INFO  TestBase:80 - Finding Element: By.cssSelector: #input-email
2023-06-22 14:24:11 INFO  TestBase:80 - Finding Element: By.cssSelector: #input-email
2023-06-22 14:24:26 INFO  TestBase:23 - Test vaildateOrderHasBeenPlaced Failed
2023-06-22 15:09:17 INFO  TestBase:37 - Navigating to URL: https://naveenautomationlabs.com/opencart/index.php?route=common/home
2023-06-22 15:09:21 INFO  TestBase:42 - Navigated to URL: https://naveenautomationlabs.com/opencart/index.php?route=common/home
2023-06-22 15:09:21 INFO  TestBase:13 - Test execution started for vaildateOrderHasBeenPlaced *************************************
2023-06-22 15:09:21 INFO  TestBase:80 - Finding Element: By.cssSelector: ul.nav>li:nth-of-type(3)  a
2023-06-22 15:09:21 INFO  TestBase:85 - Found Element: By.cssSelector: ul.nav>li:nth-of-type(3)  a
2023-06-22 15:09:22 INFO  TestBase:80 - Finding Element: By.cssSelector: ul.nav>li:nth-of-type(3)  a
2023-06-22 15:09:22 INFO  TestBase:85 - Found Element: By.cssSelector: ul.nav>li:nth-of-type(3)  a
2023-06-22 15:09:22 INFO  TestBase:80 - Finding Element: By.cssSelector: ul.nav>li:nth-of-type(3)  a
2023-06-22 15:09:22 INFO  TestBase:85 - Found Element: By.cssSelector: ul.nav>li:nth-of-type(3)  a
2023-06-22 15:09:22 INFO  TestBase:96 - Clicked on: [[ChromeDriver: chrome on WINDOWS (a13b8fedefd805d079d25bc5ba0fcfc2)] -> css selector: ul.nav>li:nth-of-type(3)  a]
2023-06-22 15:09:22 INFO  TestBase:80 - Finding Element: By.xpath: //a[text() = 'Monitors (2)']
2023-06-22 15:09:22 INFO  TestBase:85 - Found Element: By.xpath: //a[text() = 'Monitors (2)']
2023-06-22 15:09:22 INFO  TestBase:80 - Finding Element: By.xpath: //a[text() = 'Monitors (2)']
2023-06-22 15:09:22 INFO  TestBase:85 - Found Element: By.xpath: //a[text() = 'Monitors (2)']
2023-06-22 15:09:22 INFO  TestBase:80 - Finding Element: By.xpath: //a[text() = 'Monitors (2)']
2023-06-22 15:09:22 INFO  TestBase:85 - Found Element: By.xpath: //a[text() = 'Monitors (2)']
2023-06-22 15:09:23 INFO  TestBase:96 - Clicked on: [[ChromeDriver: chrome on WINDOWS (a13b8fedefd805d079d25bc5ba0fcfc2)] -> xpath: //a[text() = 'Monitors (2)']]
2023-06-22 15:09:23 INFO  TestBase:80 - Finding Element: By.xpath: //span[text()='Add to Cart']
2023-06-22 15:09:23 INFO  TestBase:85 - Found Element: By.xpath: //span[text()='Add to Cart']
2023-06-22 15:09:23 INFO  TestBase:80 - Finding Element: By.xpath: //span[text()='Add to Cart']
2023-06-22 15:09:23 INFO  TestBase:85 - Found Element: By.xpath: //span[text()='Add to Cart']
2023-06-22 15:09:23 INFO  TestBase:80 - Finding Element: By.xpath: //span[text()='Add to Cart']
2023-06-22 15:09:23 INFO  TestBase:85 - Found Element: By.xpath: //span[text()='Add to Cart']
2023-06-22 15:09:23 INFO  TestBase:96 - Clicked on: [[ChromeDriver: chrome on WINDOWS (a13b8fedefd805d079d25bc5ba0fcfc2)] -> xpath: //span[text()='Add to Cart']]
2023-06-22 15:09:33 INFO  TestBase:80 - Finding Element: By.cssSelector: input[name='option[223][]']
2023-06-22 15:09:33 INFO  TestBase:85 - Found Element: By.cssSelector: input[name='option[223][]']
2023-06-22 15:09:33 INFO  TestBase:80 - Finding Element: By.cssSelector: input[name='option[223][]']
2023-06-22 15:09:33 INFO  TestBase:85 - Found Element: By.cssSelector: input[name='option[223][]']
2023-06-22 15:09:33 INFO  TestBase:80 - Finding Element: By.cssSelector: input[name='option[223][]']
2023-06-22 15:09:33 INFO  TestBase:85 - Found Element: By.cssSelector: input[name='option[223][]']
2023-06-22 15:09:33 INFO  TestBase:96 - Clicked on: [[ChromeDriver: chrome on WINDOWS (a13b8fedefd805d079d25bc5ba0fcfc2)] -> css selector: input[name='option[223][]']]
2023-06-22 15:09:33 INFO  TestBase:80 - Finding Element: By.cssSelector: #input-option208
2023-06-22 15:09:33 INFO  TestBase:85 - Found Element: By.cssSelector: #input-option208
2023-06-22 15:09:33 INFO  TestBase:80 - Finding Element: By.cssSelector: #input-option208
2023-06-22 15:09:33 INFO  TestBase:85 - Found Element: By.cssSelector: #input-option208
2023-06-22 15:09:34 INFO  TestBase:80 - Finding Element: By.cssSelector: #input-option217
2023-06-22 15:09:34 INFO  TestBase:85 - Found Element: By.cssSelector: #input-option217
2023-06-22 15:09:34 INFO  TestBase:80 - Finding Element: By.cssSelector: #input-option217
2023-06-22 15:09:34 INFO  TestBase:85 - Found Element: By.cssSelector: #input-option217
2023-06-22 15:09:34 INFO  TestBase:80 - Finding Element: By.cssSelector: #input-option217
2023-06-22 15:09:34 INFO  TestBase:85 - Found Element: By.cssSelector: #input-option217
2023-06-22 15:09:34 INFO  TestBase:80 - Finding Element: By.cssSelector: #input-option217
2023-06-22 15:09:34 INFO  TestBase:85 - Found Element: By.cssSelector: #input-option217
2023-06-22 15:09:34 INFO  TestBase:80 - Finding Element: By.xpath: .//option[@value = "1"]
2023-06-22 15:09:34 INFO  TestBase:85 - Found Element: By.xpath: .//option[@value = "1"]
2023-06-22 15:09:34 INFO  TestBase:96 - Clicked on: [[[[ChromeDriver: chrome on WINDOWS (a13b8fedefd805d079d25bc5ba0fcfc2)] -> css selector: #input-option217]] -> xpath: .//option[@value = "1"]]
2023-06-22 15:09:34 INFO  TestBase:80 - Finding Element: By.cssSelector: #input-option209
2023-06-22 15:09:34 INFO  TestBase:85 - Found Element: By.cssSelector: #input-option209
2023-06-22 15:09:34 INFO  TestBase:80 - Finding Element: By.cssSelector: #input-option209
2023-06-22 15:09:34 INFO  TestBase:85 - Found Element: By.cssSelector: #input-option209
2023-06-22 15:09:34 INFO  TestBase:80 - Finding Element: By.cssSelector: #button-upload222
2023-06-22 15:09:34 INFO  TestBase:85 - Found Element: By.cssSelector: #button-upload222
2023-06-22 15:09:34 INFO  TestBase:96 - Clicked on: [[ChromeDriver: chrome on WINDOWS (a13b8fedefd805d079d25bc5ba0fcfc2)] -> css selector: #button-upload222]
2023-06-22 15:09:45 INFO  TestBase:21 - Alert accepted
2023-06-22 15:09:45 INFO  TestBase:80 - Finding Element: By.cssSelector: button#button-cart
2023-06-22 15:09:45 INFO  TestBase:85 - Found Element: By.cssSelector: button#button-cart
2023-06-22 15:09:45 INFO  TestBase:80 - Finding Element: By.cssSelector: button#button-cart
2023-06-22 15:09:45 INFO  TestBase:85 - Found Element: By.cssSelector: button#button-cart
2023-06-22 15:09:45 INFO  TestBase:80 - Finding Element: By.cssSelector: button#button-cart
2023-06-22 15:09:45 INFO  TestBase:85 - Found Element: By.cssSelector: button#button-cart
2023-06-22 15:09:45 INFO  TestBase:96 - Clicked on: [[ChromeDriver: chrome on WINDOWS (a13b8fedefd805d079d25bc5ba0fcfc2)] -> css selector: button#button-cart]
2023-06-22 15:09:45 INFO  TestBase:80 - Finding Element: By.cssSelector: div.alert-success
2023-06-22 15:09:46 INFO  TestBase:85 - Found Element: By.cssSelector: div.alert-success
2023-06-22 15:09:46 INFO  TestBase:80 - Finding Element: By.cssSelector: div.alert-success
2023-06-22 15:09:46 INFO  TestBase:85 - Found Element: By.cssSelector: div.alert-success
2023-06-22 15:09:46 INFO  TestBase:158 - Got Text: Success: You have added Apple Cinema 30" to your shopping cart!
×
2023-06-22 15:09:46 INFO  TestBase:80 - Finding Element: By.cssSelector: div#product-product div.alert-success a:nth-of-type(2)
2023-06-22 15:09:46 INFO  TestBase:85 - Found Element: By.cssSelector: div#product-product div.alert-success a:nth-of-type(2)
2023-06-22 15:09:46 INFO  TestBase:80 - Finding Element: By.cssSelector: div#product-product div.alert-success a:nth-of-type(2)
2023-06-22 15:09:46 INFO  TestBase:85 - Found Element: By.cssSelector: div#product-product div.alert-success a:nth-of-type(2)
2023-06-22 15:09:47 INFO  TestBase:96 - Clicked on: [[ChromeDriver: chrome on WINDOWS (a13b8fedefd805d079d25bc5ba0fcfc2)] -> css selector: div#product-product div.alert-success a:nth-of-type(2)]
2023-06-22 15:09:47 INFO  TestBase:80 - Finding Element: By.xpath: //a[text()='Checkout']
2023-06-22 15:09:47 INFO  TestBase:85 - Found Element: By.xpath: //a[text()='Checkout']
2023-06-22 15:09:47 INFO  TestBase:80 - Finding Element: By.xpath: //a[text()='Checkout']
2023-06-22 15:09:47 INFO  TestBase:85 - Found Element: By.xpath: //a[text()='Checkout']
2023-06-22 15:09:47 INFO  TestBase:80 - Finding Element: By.xpath: //a[text()='Checkout']
2023-06-22 15:09:47 INFO  TestBase:85 - Found Element: By.xpath: //a[text()='Checkout']
2023-06-22 15:09:49 INFO  TestBase:96 - Clicked on: [[ChromeDriver: chrome on WINDOWS (a13b8fedefd805d079d25bc5ba0fcfc2)] -> xpath: //a[text()='Checkout']]
2023-06-22 15:09:49 INFO  TestBase:80 - Finding Element: By.cssSelector: #input-email
2023-06-22 15:10:04 INFO  TestBase:80 - Finding Element: By.cssSelector: #input-email
2023-06-22 15:10:19 INFO  TestBase:15 - Retrying failed test !!!!! vaildateOrderHasBeenPlaced for 1 times
2023-06-22 15:10:19 INFO  TestBase:29 - Test vaildateOrderHasBeenPlaced Skipped #######################################
2023-06-22 15:10:22 INFO  TestBase:37 - Navigating to URL: https://naveenautomationlabs.com/opencart/index.php?route=common/home
2023-06-22 15:10:26 INFO  TestBase:42 - Navigated to URL: https://naveenautomationlabs.com/opencart/index.php?route=common/home
2023-06-22 15:10:26 INFO  TestBase:13 - Test execution started for vaildateOrderHasBeenPlaced *************************************
2023-06-22 15:10:26 INFO  TestBase:80 - Finding Element: By.cssSelector: ul.nav>li:nth-of-type(3)  a
2023-06-22 15:10:26 INFO  TestBase:85 - Found Element: By.cssSelector: ul.nav>li:nth-of-type(3)  a
2023-06-22 15:10:26 INFO  TestBase:80 - Finding Element: By.cssSelector: ul.nav>li:nth-of-type(3)  a
2023-06-22 15:10:26 INFO  TestBase:85 - Found Element: By.cssSelector: ul.nav>li:nth-of-type(3)  a
2023-06-22 15:10:26 INFO  TestBase:80 - Finding Element: By.cssSelector: ul.nav>li:nth-of-type(3)  a
2023-06-22 15:10:26 INFO  TestBase:85 - Found Element: By.cssSelector: ul.nav>li:nth-of-type(3)  a
2023-06-22 15:10:27 INFO  TestBase:96 - Clicked on: [[ChromeDriver: chrome on WINDOWS (5df14d3059fe064483643908aa3b473b)] -> css selector: ul.nav>li:nth-of-type(3)  a]
2023-06-22 15:10:27 INFO  TestBase:80 - Finding Element: By.xpath: //a[text() = 'Monitors (2)']
2023-06-22 15:10:27 INFO  TestBase:85 - Found Element: By.xpath: //a[text() = 'Monitors (2)']
2023-06-22 15:10:27 INFO  TestBase:80 - Finding Element: By.xpath: //a[text() = 'Monitors (2)']
2023-06-22 15:10:27 INFO  TestBase:85 - Found Element: By.xpath: //a[text() = 'Monitors (2)']
2023-06-22 15:10:27 INFO  TestBase:80 - Finding Element: By.xpath: //a[text() = 'Monitors (2)']
2023-06-22 15:10:27 INFO  TestBase:85 - Found Element: By.xpath: //a[text() = 'Monitors (2)']
2023-06-22 15:10:28 INFO  TestBase:96 - Clicked on: [[ChromeDriver: chrome on WINDOWS (5df14d3059fe064483643908aa3b473b)] -> xpath: //a[text() = 'Monitors (2)']]
2023-06-22 15:10:28 INFO  TestBase:80 - Finding Element: By.xpath: //span[text()='Add to Cart']
2023-06-22 15:10:28 INFO  TestBase:85 - Found Element: By.xpath: //span[text()='Add to Cart']
2023-06-22 15:10:28 INFO  TestBase:80 - Finding Element: By.xpath: //span[text()='Add to Cart']
2023-06-22 15:10:28 INFO  TestBase:85 - Found Element: By.xpath: //span[text()='Add to Cart']
2023-06-22 15:10:28 INFO  TestBase:80 - Finding Element: By.xpath: //span[text()='Add to Cart']
2023-06-22 15:10:28 INFO  TestBase:85 - Found Element: By.xpath: //span[text()='Add to Cart']
2023-06-22 15:10:28 INFO  TestBase:96 - Clicked on: [[ChromeDriver: chrome on WINDOWS (5df14d3059fe064483643908aa3b473b)] -> xpath: //span[text()='Add to Cart']]
2023-06-22 15:10:38 INFO  TestBase:80 - Finding Element: By.cssSelector: input[name='option[223][]']
2023-06-22 15:10:38 INFO  TestBase:85 - Found Element: By.cssSelector: input[name='option[223][]']
2023-06-22 15:10:38 INFO  TestBase:80 - Finding Element: By.cssSelector: input[name='option[223][]']
2023-06-22 15:10:38 INFO  TestBase:85 - Found Element: By.cssSelector: input[name='option[223][]']
2023-06-22 15:10:38 INFO  TestBase:80 - Finding Element: By.cssSelector: input[name='option[223][]']
2023-06-22 15:10:38 INFO  TestBase:85 - Found Element: By.cssSelector: input[name='option[223][]']
2023-06-22 15:10:38 INFO  TestBase:96 - Clicked on: [[ChromeDriver: chrome on WINDOWS (5df14d3059fe064483643908aa3b473b)] -> css selector: input[name='option[223][]']]
2023-06-22 15:10:38 INFO  TestBase:80 - Finding Element: By.cssSelector: #input-option208
2023-06-22 15:10:38 INFO  TestBase:85 - Found Element: By.cssSelector: #input-option208
2023-06-22 15:10:38 INFO  TestBase:80 - Finding Element: By.cssSelector: #input-option208
2023-06-22 15:10:38 INFO  TestBase:85 - Found Element: By.cssSelector: #input-option208
2023-06-22 15:10:38 INFO  TestBase:80 - Finding Element: By.cssSelector: #input-option217
2023-06-22 15:10:38 INFO  TestBase:85 - Found Element: By.cssSelector: #input-option217
2023-06-22 15:10:38 INFO  TestBase:80 - Finding Element: By.cssSelector: #input-option217
2023-06-22 15:10:38 INFO  TestBase:85 - Found Element: By.cssSelector: #input-option217
2023-06-22 15:10:38 INFO  TestBase:80 - Finding Element: By.cssSelector: #input-option217
2023-06-22 15:10:38 INFO  TestBase:85 - Found Element: By.cssSelector: #input-option217
2023-06-22 15:10:38 INFO  TestBase:80 - Finding Element: By.cssSelector: #input-option217
2023-06-22 15:10:38 INFO  TestBase:85 - Found Element: By.cssSelector: #input-option217
2023-06-22 15:10:38 INFO  TestBase:80 - Finding Element: By.xpath: .//option[@value = "1"]
2023-06-22 15:10:38 INFO  TestBase:85 - Found Element: By.xpath: .//option[@value = "1"]
2023-06-22 15:10:38 INFO  TestBase:96 - Clicked on: [[[[ChromeDriver: chrome on WINDOWS (5df14d3059fe064483643908aa3b473b)] -> css selector: #input-option217]] -> xpath: .//option[@value = "1"]]
2023-06-22 15:10:38 INFO  TestBase:80 - Finding Element: By.cssSelector: #input-option209
2023-06-22 15:10:38 INFO  TestBase:85 - Found Element: By.cssSelector: #input-option209
2023-06-22 15:10:39 INFO  TestBase:80 - Finding Element: By.cssSelector: #input-option209
2023-06-22 15:10:39 INFO  TestBase:85 - Found Element: By.cssSelector: #input-option209
2023-06-22 15:10:39 INFO  TestBase:80 - Finding Element: By.cssSelector: #button-upload222
2023-06-22 15:10:39 INFO  TestBase:85 - Found Element: By.cssSelector: #button-upload222
2023-06-22 15:10:39 INFO  TestBase:96 - Clicked on: [[ChromeDriver: chrome on WINDOWS (5df14d3059fe064483643908aa3b473b)] -> css selector: #button-upload222]
2023-06-22 15:10:49 INFO  TestBase:21 - Alert accepted
2023-06-22 15:10:49 INFO  TestBase:80 - Finding Element: By.cssSelector: button#button-cart
2023-06-22 15:10:49 INFO  TestBase:85 - Found Element: By.cssSelector: button#button-cart
2023-06-22 15:10:49 INFO  TestBase:80 - Finding Element: By.cssSelector: button#button-cart
2023-06-22 15:10:49 INFO  TestBase:85 - Found Element: By.cssSelector: button#button-cart
2023-06-22 15:10:49 INFO  TestBase:80 - Finding Element: By.cssSelector: button#button-cart
2023-06-22 15:10:49 INFO  TestBase:85 - Found Element: By.cssSelector: button#button-cart
2023-06-22 15:10:49 INFO  TestBase:96 - Clicked on: [[ChromeDriver: chrome on WINDOWS (5df14d3059fe064483643908aa3b473b)] -> css selector: button#button-cart]
2023-06-22 15:10:49 INFO  TestBase:80 - Finding Element: By.cssSelector: div.alert-success
2023-06-22 15:10:50 INFO  TestBase:85 - Found Element: By.cssSelector: div.alert-success
2023-06-22 15:10:50 INFO  TestBase:80 - Finding Element: By.cssSelector: div.alert-success
2023-06-22 15:10:50 INFO  TestBase:85 - Found Element: By.cssSelector: div.alert-success
2023-06-22 15:10:50 INFO  TestBase:158 - Got Text: Success: You have added Apple Cinema 30" to your shopping cart!
×
2023-06-22 15:10:50 INFO  TestBase:80 - Finding Element: By.cssSelector: div#product-product div.alert-success a:nth-of-type(2)
2023-06-22 15:10:50 INFO  TestBase:85 - Found Element: By.cssSelector: div#product-product div.alert-success a:nth-of-type(2)
2023-06-22 15:10:50 INFO  TestBase:80 - Finding Element: By.cssSelector: div#product-product div.alert-success a:nth-of-type(2)
2023-06-22 15:10:50 INFO  TestBase:85 - Found Element: By.cssSelector: div#product-product div.alert-success a:nth-of-type(2)
2023-06-22 15:10:51 INFO  TestBase:96 - Clicked on: [[ChromeDriver: chrome on WINDOWS (5df14d3059fe064483643908aa3b473b)] -> css selector: div#product-product div.alert-success a:nth-of-type(2)]
2023-06-22 15:10:51 INFO  TestBase:80 - Finding Element: By.xpath: //a[text()='Checkout']
2023-06-22 15:10:51 INFO  TestBase:85 - Found Element: By.xpath: //a[text()='Checkout']
2023-06-22 15:10:51 INFO  TestBase:80 - Finding Element: By.xpath: //a[text()='Checkout']
2023-06-22 15:10:51 INFO  TestBase:85 - Found Element: By.xpath: //a[text()='Checkout']
2023-06-22 15:10:51 INFO  TestBase:80 - Finding Element: By.xpath: //a[text()='Checkout']
2023-06-22 15:10:51 INFO  TestBase:85 - Found Element: By.xpath: //a[text()='Checkout']
2023-06-22 15:10:53 INFO  TestBase:96 - Clicked on: [[ChromeDriver: chrome on WINDOWS (5df14d3059fe064483643908aa3b473b)] -> xpath: //a[text()='Checkout']]
2023-06-22 15:10:53 INFO  TestBase:80 - Finding Element: By.cssSelector: #input-email
2023-06-22 15:11:08 INFO  TestBase:80 - Finding Element: By.cssSelector: #input-email
2023-06-22 15:11:23 INFO  TestBase:15 - Retrying failed test !!!!! vaildateOrderHasBeenPlaced for 2 times
2023-06-22 15:11:23 INFO  TestBase:23 - Test vaildateOrderHasBeenPlaced Failed !!!!!!!!!!!!!!!!!!!!!!!!!!!!!!!!!!!!!
2023-06-22 15:11:23 INFO  TestBase:142 - Test has failed!!!!! Taking screen shot
2023-06-22 15:11:23 INFO  TestBase:147 - Test has failed!!!!! Screen shot taken
2023-06-22 15:16:41 INFO  TestBase:37 - Navigating to URL: https://naveenautomationlabs.com/opencart/index.php?route=common/home
2023-06-22 15:16:44 INFO  TestBase:42 - Navigated to URL: https://naveenautomationlabs.com/opencart/index.php?route=common/home
2023-06-22 15:16:45 INFO  TestBase:13 - Test execution started for vaildateOrderHasBeenPlaced *************************************
2023-06-22 15:16:45 INFO  TestBase:80 - Finding Element: By.cssSelector: ul.nav>li:nth-of-type(3)  a
2023-06-22 15:16:45 INFO  TestBase:85 - Found Element: By.cssSelector: ul.nav>li:nth-of-type(3)  a
2023-06-22 15:16:45 INFO  TestBase:80 - Finding Element: By.cssSelector: ul.nav>li:nth-of-type(3)  a
2023-06-22 15:16:45 INFO  TestBase:85 - Found Element: By.cssSelector: ul.nav>li:nth-of-type(3)  a
2023-06-22 15:16:45 INFO  TestBase:80 - Finding Element: By.cssSelector: ul.nav>li:nth-of-type(3)  a
2023-06-22 15:16:45 INFO  TestBase:85 - Found Element: By.cssSelector: ul.nav>li:nth-of-type(3)  a
2023-06-22 15:16:45 INFO  TestBase:96 - Clicked on: [[ChromeDriver: chrome on WINDOWS (bccf9d3b25d75d33642ed09491e9da35)] -> css selector: ul.nav>li:nth-of-type(3)  a]
2023-06-22 15:16:45 INFO  TestBase:80 - Finding Element: By.xpath: //a[text() = 'Monitors (2)']
2023-06-22 15:16:45 INFO  TestBase:85 - Found Element: By.xpath: //a[text() = 'Monitors (2)']
2023-06-22 15:16:45 INFO  TestBase:80 - Finding Element: By.xpath: //a[text() = 'Monitors (2)']
2023-06-22 15:16:45 INFO  TestBase:85 - Found Element: By.xpath: //a[text() = 'Monitors (2)']
2023-06-22 15:16:45 INFO  TestBase:80 - Finding Element: By.xpath: //a[text() = 'Monitors (2)']
2023-06-22 15:16:45 INFO  TestBase:85 - Found Element: By.xpath: //a[text() = 'Monitors (2)']
2023-06-22 15:16:46 INFO  TestBase:96 - Clicked on: [[ChromeDriver: chrome on WINDOWS (bccf9d3b25d75d33642ed09491e9da35)] -> xpath: //a[text() = 'Monitors (2)']]
2023-06-22 15:16:46 INFO  TestBase:80 - Finding Element: By.xpath: //span[text()='Add to Cart']
2023-06-22 15:16:46 INFO  TestBase:85 - Found Element: By.xpath: //span[text()='Add to Cart']
2023-06-22 15:16:46 INFO  TestBase:80 - Finding Element: By.xpath: //span[text()='Add to Cart']
2023-06-22 15:16:46 INFO  TestBase:85 - Found Element: By.xpath: //span[text()='Add to Cart']
2023-06-22 15:16:46 INFO  TestBase:80 - Finding Element: By.xpath: //span[text()='Add to Cart']
2023-06-22 15:16:46 INFO  TestBase:85 - Found Element: By.xpath: //span[text()='Add to Cart']
2023-06-22 15:16:46 INFO  TestBase:96 - Clicked on: [[ChromeDriver: chrome on WINDOWS (bccf9d3b25d75d33642ed09491e9da35)] -> xpath: //span[text()='Add to Cart']]
2023-06-22 15:16:56 INFO  TestBase:80 - Finding Element: By.cssSelector: input[name='option[223][]']
2023-06-22 15:16:56 INFO  TestBase:85 - Found Element: By.cssSelector: input[name='option[223][]']
2023-06-22 15:16:56 INFO  TestBase:80 - Finding Element: By.cssSelector: input[name='option[223][]']
2023-06-22 15:16:56 INFO  TestBase:85 - Found Element: By.cssSelector: input[name='option[223][]']
2023-06-22 15:16:56 INFO  TestBase:80 - Finding Element: By.cssSelector: input[name='option[223][]']
2023-06-22 15:16:56 INFO  TestBase:85 - Found Element: By.cssSelector: input[name='option[223][]']
2023-06-22 15:16:56 INFO  TestBase:96 - Clicked on: [[ChromeDriver: chrome on WINDOWS (bccf9d3b25d75d33642ed09491e9da35)] -> css selector: input[name='option[223][]']]
2023-06-22 15:16:56 INFO  TestBase:80 - Finding Element: By.cssSelector: #input-option208
2023-06-22 15:16:56 INFO  TestBase:85 - Found Element: By.cssSelector: #input-option208
2023-06-22 15:16:56 INFO  TestBase:80 - Finding Element: By.cssSelector: #input-option208
2023-06-22 15:16:56 INFO  TestBase:85 - Found Element: By.cssSelector: #input-option208
2023-06-22 15:16:57 INFO  TestBase:80 - Finding Element: By.cssSelector: #input-option217
2023-06-22 15:16:57 INFO  TestBase:85 - Found Element: By.cssSelector: #input-option217
2023-06-22 15:16:57 INFO  TestBase:80 - Finding Element: By.cssSelector: #input-option217
2023-06-22 15:16:57 INFO  TestBase:85 - Found Element: By.cssSelector: #input-option217
2023-06-22 15:16:57 INFO  TestBase:80 - Finding Element: By.cssSelector: #input-option217
2023-06-22 15:16:57 INFO  TestBase:85 - Found Element: By.cssSelector: #input-option217
2023-06-22 15:16:57 INFO  TestBase:80 - Finding Element: By.cssSelector: #input-option217
2023-06-22 15:16:57 INFO  TestBase:85 - Found Element: By.cssSelector: #input-option217
2023-06-22 15:16:57 INFO  TestBase:80 - Finding Element: By.xpath: .//option[@value = "1"]
2023-06-22 15:16:57 INFO  TestBase:85 - Found Element: By.xpath: .//option[@value = "1"]
2023-06-22 15:16:57 INFO  TestBase:96 - Clicked on: [[[[ChromeDriver: chrome on WINDOWS (bccf9d3b25d75d33642ed09491e9da35)] -> css selector: #input-option217]] -> xpath: .//option[@value = "1"]]
2023-06-22 15:16:57 INFO  TestBase:80 - Finding Element: By.cssSelector: #input-option209
2023-06-22 15:16:57 INFO  TestBase:85 - Found Element: By.cssSelector: #input-option209
2023-06-22 15:16:57 INFO  TestBase:80 - Finding Element: By.cssSelector: #input-option209
2023-06-22 15:16:57 INFO  TestBase:85 - Found Element: By.cssSelector: #input-option209
2023-06-22 15:16:57 INFO  TestBase:80 - Finding Element: By.cssSelector: #button-upload222
2023-06-22 15:16:57 INFO  TestBase:85 - Found Element: By.cssSelector: #button-upload222
2023-06-22 15:16:57 INFO  TestBase:96 - Clicked on: [[ChromeDriver: chrome on WINDOWS (bccf9d3b25d75d33642ed09491e9da35)] -> css selector: #button-upload222]
2023-06-22 15:17:08 INFO  TestBase:21 - Alert accepted
2023-06-22 15:17:08 INFO  TestBase:80 - Finding Element: By.cssSelector: button#button-cart
2023-06-22 15:17:08 INFO  TestBase:85 - Found Element: By.cssSelector: button#button-cart
2023-06-22 15:17:08 INFO  TestBase:80 - Finding Element: By.cssSelector: button#button-cart
2023-06-22 15:17:08 INFO  TestBase:85 - Found Element: By.cssSelector: button#button-cart
2023-06-22 15:17:08 INFO  TestBase:80 - Finding Element: By.cssSelector: button#button-cart
2023-06-22 15:17:08 INFO  TestBase:85 - Found Element: By.cssSelector: button#button-cart
2023-06-22 15:17:08 INFO  TestBase:96 - Clicked on: [[ChromeDriver: chrome on WINDOWS (bccf9d3b25d75d33642ed09491e9da35)] -> css selector: button#button-cart]
2023-06-22 15:17:08 INFO  TestBase:80 - Finding Element: By.cssSelector: div.alert-success
2023-06-22 15:17:09 INFO  TestBase:85 - Found Element: By.cssSelector: div.alert-success
2023-06-22 15:17:09 INFO  TestBase:80 - Finding Element: By.cssSelector: div.alert-success
2023-06-22 15:17:09 INFO  TestBase:85 - Found Element: By.cssSelector: div.alert-success
2023-06-22 15:17:09 INFO  TestBase:158 - Got Text: Success: You have added Apple Cinema 30" to your shopping cart!
×
2023-06-22 15:17:09 INFO  TestBase:80 - Finding Element: By.cssSelector: div#product-product div.alert-success a:nth-of-type(2)
2023-06-22 15:17:09 INFO  TestBase:85 - Found Element: By.cssSelector: div#product-product div.alert-success a:nth-of-type(2)
2023-06-22 15:17:09 INFO  TestBase:80 - Finding Element: By.cssSelector: div#product-product div.alert-success a:nth-of-type(2)
2023-06-22 15:17:09 INFO  TestBase:85 - Found Element: By.cssSelector: div#product-product div.alert-success a:nth-of-type(2)
2023-06-22 15:17:10 INFO  TestBase:96 - Clicked on: [[ChromeDriver: chrome on WINDOWS (bccf9d3b25d75d33642ed09491e9da35)] -> css selector: div#product-product div.alert-success a:nth-of-type(2)]
2023-06-22 15:17:10 INFO  TestBase:80 - Finding Element: By.xpath: //a[text()='Checkout']
2023-06-22 15:17:10 INFO  TestBase:85 - Found Element: By.xpath: //a[text()='Checkout']
2023-06-22 15:17:10 INFO  TestBase:80 - Finding Element: By.xpath: //a[text()='Checkout']
2023-06-22 15:17:10 INFO  TestBase:85 - Found Element: By.xpath: //a[text()='Checkout']
2023-06-22 15:17:10 INFO  TestBase:80 - Finding Element: By.xpath: //a[text()='Checkout']
2023-06-22 15:17:10 INFO  TestBase:85 - Found Element: By.xpath: //a[text()='Checkout']
2023-06-22 15:17:11 INFO  TestBase:96 - Clicked on: [[ChromeDriver: chrome on WINDOWS (bccf9d3b25d75d33642ed09491e9da35)] -> xpath: //a[text()='Checkout']]
2023-06-22 15:17:11 INFO  TestBase:80 - Finding Element: By.cssSelector: #input-email
2023-06-22 15:17:26 INFO  TestBase:80 - Finding Element: By.cssSelector: #input-email
2023-06-22 15:17:42 INFO  TestBase:15 - Retrying failed test !!!!! vaildateOrderHasBeenPlaced for 1 times
2023-06-22 15:17:42 INFO  TestBase:29 - Test vaildateOrderHasBeenPlaced Skipped #######################################
2023-06-22 15:17:45 INFO  TestBase:37 - Navigating to URL: https://naveenautomationlabs.com/opencart/index.php?route=common/home
2023-06-22 15:17:49 INFO  TestBase:42 - Navigated to URL: https://naveenautomationlabs.com/opencart/index.php?route=common/home
2023-06-22 15:17:49 INFO  TestBase:13 - Test execution started for vaildateOrderHasBeenPlaced *************************************
2023-06-22 15:17:49 INFO  TestBase:80 - Finding Element: By.cssSelector: ul.nav>li:nth-of-type(3)  a
2023-06-22 15:17:49 INFO  TestBase:85 - Found Element: By.cssSelector: ul.nav>li:nth-of-type(3)  a
2023-06-22 15:17:49 INFO  TestBase:80 - Finding Element: By.cssSelector: ul.nav>li:nth-of-type(3)  a
2023-06-22 15:17:49 INFO  TestBase:85 - Found Element: By.cssSelector: ul.nav>li:nth-of-type(3)  a
2023-06-22 15:17:49 INFO  TestBase:80 - Finding Element: By.cssSelector: ul.nav>li:nth-of-type(3)  a
2023-06-22 15:17:49 INFO  TestBase:85 - Found Element: By.cssSelector: ul.nav>li:nth-of-type(3)  a
2023-06-22 15:17:49 INFO  TestBase:96 - Clicked on: [[ChromeDriver: chrome on WINDOWS (1da293aeacbf2e9f6b20bb3fa752f7dc)] -> css selector: ul.nav>li:nth-of-type(3)  a]
2023-06-22 15:17:49 INFO  TestBase:80 - Finding Element: By.xpath: //a[text() = 'Monitors (2)']
2023-06-22 15:17:49 INFO  TestBase:85 - Found Element: By.xpath: //a[text() = 'Monitors (2)']
2023-06-22 15:17:50 INFO  TestBase:80 - Finding Element: By.xpath: //a[text() = 'Monitors (2)']
2023-06-22 15:17:50 INFO  TestBase:85 - Found Element: By.xpath: //a[text() = 'Monitors (2)']
2023-06-22 15:17:50 INFO  TestBase:80 - Finding Element: By.xpath: //a[text() = 'Monitors (2)']
2023-06-22 15:17:50 INFO  TestBase:85 - Found Element: By.xpath: //a[text() = 'Monitors (2)']
2023-06-22 15:17:51 INFO  TestBase:96 - Clicked on: [[ChromeDriver: chrome on WINDOWS (1da293aeacbf2e9f6b20bb3fa752f7dc)] -> xpath: //a[text() = 'Monitors (2)']]
2023-06-22 15:17:51 INFO  TestBase:80 - Finding Element: By.xpath: //span[text()='Add to Cart']
2023-06-22 15:17:51 INFO  TestBase:85 - Found Element: By.xpath: //span[text()='Add to Cart']
2023-06-22 15:17:51 INFO  TestBase:80 - Finding Element: By.xpath: //span[text()='Add to Cart']
2023-06-22 15:17:51 INFO  TestBase:85 - Found Element: By.xpath: //span[text()='Add to Cart']
2023-06-22 15:17:51 INFO  TestBase:80 - Finding Element: By.xpath: //span[text()='Add to Cart']
2023-06-22 15:17:51 INFO  TestBase:85 - Found Element: By.xpath: //span[text()='Add to Cart']
2023-06-22 15:17:51 INFO  TestBase:96 - Clicked on: [[ChromeDriver: chrome on WINDOWS (1da293aeacbf2e9f6b20bb3fa752f7dc)] -> xpath: //span[text()='Add to Cart']]
2023-06-22 15:18:01 INFO  TestBase:80 - Finding Element: By.cssSelector: input[name='option[223][]']
2023-06-22 15:18:01 INFO  TestBase:85 - Found Element: By.cssSelector: input[name='option[223][]']
2023-06-22 15:18:01 INFO  TestBase:80 - Finding Element: By.cssSelector: input[name='option[223][]']
2023-06-22 15:18:01 INFO  TestBase:85 - Found Element: By.cssSelector: input[name='option[223][]']
2023-06-22 15:18:01 INFO  TestBase:80 - Finding Element: By.cssSelector: input[name='option[223][]']
2023-06-22 15:18:01 INFO  TestBase:85 - Found Element: By.cssSelector: input[name='option[223][]']
2023-06-22 15:18:01 INFO  TestBase:96 - Clicked on: [[ChromeDriver: chrome on WINDOWS (1da293aeacbf2e9f6b20bb3fa752f7dc)] -> css selector: input[name='option[223][]']]
2023-06-22 15:18:01 INFO  TestBase:80 - Finding Element: By.cssSelector: #input-option208
2023-06-22 15:18:01 INFO  TestBase:85 - Found Element: By.cssSelector: #input-option208
2023-06-22 15:18:01 INFO  TestBase:80 - Finding Element: By.cssSelector: #input-option208
2023-06-22 15:18:01 INFO  TestBase:85 - Found Element: By.cssSelector: #input-option208
2023-06-22 15:18:01 INFO  TestBase:80 - Finding Element: By.cssSelector: #input-option217
2023-06-22 15:18:01 INFO  TestBase:85 - Found Element: By.cssSelector: #input-option217
2023-06-22 15:18:01 INFO  TestBase:80 - Finding Element: By.cssSelector: #input-option217
2023-06-22 15:18:01 INFO  TestBase:85 - Found Element: By.cssSelector: #input-option217
2023-06-22 15:18:01 INFO  TestBase:80 - Finding Element: By.cssSelector: #input-option217
2023-06-22 15:18:01 INFO  TestBase:85 - Found Element: By.cssSelector: #input-option217
2023-06-22 15:18:01 INFO  TestBase:80 - Finding Element: By.cssSelector: #input-option217
2023-06-22 15:18:01 INFO  TestBase:85 - Found Element: By.cssSelector: #input-option217
2023-06-22 15:18:01 INFO  TestBase:80 - Finding Element: By.xpath: .//option[@value = "1"]
2023-06-22 15:18:01 INFO  TestBase:85 - Found Element: By.xpath: .//option[@value = "1"]
2023-06-22 15:18:02 INFO  TestBase:96 - Clicked on: [[[[ChromeDriver: chrome on WINDOWS (1da293aeacbf2e9f6b20bb3fa752f7dc)] -> css selector: #input-option217]] -> xpath: .//option[@value = "1"]]
2023-06-22 15:18:02 INFO  TestBase:80 - Finding Element: By.cssSelector: #input-option209
2023-06-22 15:18:02 INFO  TestBase:85 - Found Element: By.cssSelector: #input-option209
2023-06-22 15:18:02 INFO  TestBase:80 - Finding Element: By.cssSelector: #input-option209
2023-06-22 15:18:02 INFO  TestBase:85 - Found Element: By.cssSelector: #input-option209
2023-06-22 15:18:02 INFO  TestBase:80 - Finding Element: By.cssSelector: #button-upload222
2023-06-22 15:18:02 INFO  TestBase:85 - Found Element: By.cssSelector: #button-upload222
2023-06-22 15:18:02 INFO  TestBase:96 - Clicked on: [[ChromeDriver: chrome on WINDOWS (1da293aeacbf2e9f6b20bb3fa752f7dc)] -> css selector: #button-upload222]
2023-06-22 15:18:12 INFO  TestBase:21 - Alert accepted
2023-06-22 15:18:12 INFO  TestBase:80 - Finding Element: By.cssSelector: button#button-cart
2023-06-22 15:18:12 INFO  TestBase:85 - Found Element: By.cssSelector: button#button-cart
2023-06-22 15:18:12 INFO  TestBase:80 - Finding Element: By.cssSelector: button#button-cart
2023-06-22 15:18:12 INFO  TestBase:85 - Found Element: By.cssSelector: button#button-cart
2023-06-22 15:18:12 INFO  TestBase:80 - Finding Element: By.cssSelector: button#button-cart
2023-06-22 15:18:12 INFO  TestBase:85 - Found Element: By.cssSelector: button#button-cart
2023-06-22 15:18:12 INFO  TestBase:96 - Clicked on: [[ChromeDriver: chrome on WINDOWS (1da293aeacbf2e9f6b20bb3fa752f7dc)] -> css selector: button#button-cart]
2023-06-22 15:18:12 INFO  TestBase:80 - Finding Element: By.cssSelector: div.alert-success
2023-06-22 15:18:13 INFO  TestBase:85 - Found Element: By.cssSelector: div.alert-success
2023-06-22 15:18:13 INFO  TestBase:80 - Finding Element: By.cssSelector: div.alert-success
2023-06-22 15:18:13 INFO  TestBase:85 - Found Element: By.cssSelector: div.alert-success
2023-06-22 15:18:13 INFO  TestBase:158 - Got Text: Success: You have added Apple Cinema 30" to your shopping cart!
×
2023-06-22 15:18:13 INFO  TestBase:80 - Finding Element: By.cssSelector: div#product-product div.alert-success a:nth-of-type(2)
2023-06-22 15:18:13 INFO  TestBase:85 - Found Element: By.cssSelector: div#product-product div.alert-success a:nth-of-type(2)
2023-06-22 15:18:13 INFO  TestBase:80 - Finding Element: By.cssSelector: div#product-product div.alert-success a:nth-of-type(2)
2023-06-22 15:18:13 INFO  TestBase:85 - Found Element: By.cssSelector: div#product-product div.alert-success a:nth-of-type(2)
2023-06-22 15:18:14 INFO  TestBase:96 - Clicked on: [[ChromeDriver: chrome on WINDOWS (1da293aeacbf2e9f6b20bb3fa752f7dc)] -> css selector: div#product-product div.alert-success a:nth-of-type(2)]
2023-06-22 15:18:14 INFO  TestBase:80 - Finding Element: By.xpath: //a[text()='Checkout']
2023-06-22 15:18:14 INFO  TestBase:85 - Found Element: By.xpath: //a[text()='Checkout']
2023-06-22 15:18:14 INFO  TestBase:80 - Finding Element: By.xpath: //a[text()='Checkout']
2023-06-22 15:18:14 INFO  TestBase:85 - Found Element: By.xpath: //a[text()='Checkout']
2023-06-22 15:18:14 INFO  TestBase:80 - Finding Element: By.xpath: //a[text()='Checkout']
2023-06-22 15:18:14 INFO  TestBase:85 - Found Element: By.xpath: //a[text()='Checkout']
2023-06-22 15:18:16 INFO  TestBase:96 - Clicked on: [[ChromeDriver: chrome on WINDOWS (1da293aeacbf2e9f6b20bb3fa752f7dc)] -> xpath: //a[text()='Checkout']]
2023-06-22 15:18:16 INFO  TestBase:80 - Finding Element: By.cssSelector: #input-email
2023-06-22 15:18:31 INFO  TestBase:80 - Finding Element: By.cssSelector: #input-email
2023-06-22 15:18:46 INFO  TestBase:15 - Retrying failed test !!!!! vaildateOrderHasBeenPlaced for 2 times
2023-06-22 15:18:46 INFO  TestBase:23 - Test vaildateOrderHasBeenPlaced Failed !!!!!!!!!!!!!!!!!!!!!!!!!!!!!!!!!!!!!
2023-06-22 15:18:46 INFO  TestBase:142 - Test has failed!!!!! Taking screen shot
2023-06-22 15:18:46 INFO  TestBase:147 - Test has failed!!!!! Screen shot taken
2023-06-24 13:12:24 INFO  TestBase:37 - Navigating to URL: https://naveenautomationlabs.com/opencart/index.php?route=common/home
2023-06-24 13:12:28 INFO  TestBase:42 - Navigated to URL: https://naveenautomationlabs.com/opencart/index.php?route=common/home
2023-06-24 13:12:28 INFO  TestBase:13 - Test execution started for vaildateOrderHasBeenPlaced *************************************
2023-06-24 13:12:28 INFO  TestBase:80 - Finding Element: By.cssSelector: ul.nav>li:nth-of-type(3)  a
2023-06-24 13:12:29 INFO  TestBase:85 - Found Element: By.cssSelector: ul.nav>li:nth-of-type(3)  a
2023-06-24 13:12:29 INFO  TestBase:80 - Finding Element: By.cssSelector: ul.nav>li:nth-of-type(3)  a
2023-06-24 13:12:29 INFO  TestBase:85 - Found Element: By.cssSelector: ul.nav>li:nth-of-type(3)  a
2023-06-24 13:12:29 INFO  TestBase:80 - Finding Element: By.cssSelector: ul.nav>li:nth-of-type(3)  a
2023-06-24 13:12:29 INFO  TestBase:85 - Found Element: By.cssSelector: ul.nav>li:nth-of-type(3)  a
2023-06-24 13:12:29 INFO  TestBase:96 - Clicked on: [[ChromeDriver: chrome on WINDOWS (73f9c4f4765d389394a91485e07e5704)] -> css selector: ul.nav>li:nth-of-type(3)  a]
2023-06-24 13:12:29 INFO  TestBase:80 - Finding Element: By.xpath: //a[text() = 'Monitors (2)']
2023-06-24 13:12:29 INFO  TestBase:85 - Found Element: By.xpath: //a[text() = 'Monitors (2)']
2023-06-24 13:12:29 INFO  TestBase:80 - Finding Element: By.xpath: //a[text() = 'Monitors (2)']
2023-06-24 13:12:29 INFO  TestBase:85 - Found Element: By.xpath: //a[text() = 'Monitors (2)']
2023-06-24 13:12:29 INFO  TestBase:80 - Finding Element: By.xpath: //a[text() = 'Monitors (2)']
2023-06-24 13:12:29 INFO  TestBase:85 - Found Element: By.xpath: //a[text() = 'Monitors (2)']
2023-06-24 13:12:30 INFO  TestBase:96 - Clicked on: [[ChromeDriver: chrome on WINDOWS (73f9c4f4765d389394a91485e07e5704)] -> xpath: //a[text() = 'Monitors (2)']]
2023-06-24 13:12:30 INFO  TestBase:80 - Finding Element: By.xpath: //span[text()='Add to Cart']
2023-06-24 13:12:30 INFO  TestBase:85 - Found Element: By.xpath: //span[text()='Add to Cart']
2023-06-24 13:12:30 INFO  TestBase:80 - Finding Element: By.xpath: //span[text()='Add to Cart']
2023-06-24 13:12:30 INFO  TestBase:85 - Found Element: By.xpath: //span[text()='Add to Cart']
2023-06-24 13:12:30 INFO  TestBase:80 - Finding Element: By.xpath: //span[text()='Add to Cart']
2023-06-24 13:12:30 INFO  TestBase:85 - Found Element: By.xpath: //span[text()='Add to Cart']
2023-06-24 13:12:30 INFO  TestBase:96 - Clicked on: [[ChromeDriver: chrome on WINDOWS (73f9c4f4765d389394a91485e07e5704)] -> xpath: //span[text()='Add to Cart']]
2023-06-24 13:12:40 INFO  TestBase:80 - Finding Element: By.cssSelector: input[name='option[223][]']
2023-06-24 13:12:40 INFO  TestBase:85 - Found Element: By.cssSelector: input[name='option[223][]']
2023-06-24 13:12:40 INFO  TestBase:80 - Finding Element: By.cssSelector: input[name='option[223][]']
2023-06-24 13:12:40 INFO  TestBase:85 - Found Element: By.cssSelector: input[name='option[223][]']
2023-06-24 13:12:40 INFO  TestBase:80 - Finding Element: By.cssSelector: input[name='option[223][]']
2023-06-24 13:12:40 INFO  TestBase:85 - Found Element: By.cssSelector: input[name='option[223][]']
2023-06-24 13:12:41 INFO  TestBase:96 - Clicked on: [[ChromeDriver: chrome on WINDOWS (73f9c4f4765d389394a91485e07e5704)] -> css selector: input[name='option[223][]']]
2023-06-24 13:12:41 INFO  TestBase:80 - Finding Element: By.cssSelector: #input-option208
2023-06-24 13:12:41 INFO  TestBase:85 - Found Element: By.cssSelector: #input-option208
2023-06-24 13:12:41 INFO  TestBase:80 - Finding Element: By.cssSelector: #input-option208
2023-06-24 13:12:41 INFO  TestBase:85 - Found Element: By.cssSelector: #input-option208
2023-06-24 13:12:41 INFO  TestBase:80 - Finding Element: By.cssSelector: #input-option217
2023-06-24 13:12:41 INFO  TestBase:85 - Found Element: By.cssSelector: #input-option217
2023-06-24 13:12:41 INFO  TestBase:80 - Finding Element: By.cssSelector: #input-option217
2023-06-24 13:12:41 INFO  TestBase:85 - Found Element: By.cssSelector: #input-option217
2023-06-24 13:12:41 INFO  TestBase:80 - Finding Element: By.cssSelector: #input-option217
2023-06-24 13:12:41 INFO  TestBase:85 - Found Element: By.cssSelector: #input-option217
2023-06-24 13:12:41 INFO  TestBase:80 - Finding Element: By.cssSelector: #input-option217
2023-06-24 13:12:41 INFO  TestBase:85 - Found Element: By.cssSelector: #input-option217
2023-06-24 13:12:41 INFO  TestBase:80 - Finding Element: By.xpath: .//option[@value = "1"]
2023-06-24 13:12:41 INFO  TestBase:85 - Found Element: By.xpath: .//option[@value = "1"]
2023-06-24 13:12:41 INFO  TestBase:96 - Clicked on: [[[[ChromeDriver: chrome on WINDOWS (73f9c4f4765d389394a91485e07e5704)] -> css selector: #input-option217]] -> xpath: .//option[@value = "1"]]
2023-06-24 13:12:41 INFO  TestBase:80 - Finding Element: By.cssSelector: #input-option209
2023-06-24 13:12:41 INFO  TestBase:85 - Found Element: By.cssSelector: #input-option209
2023-06-24 13:12:41 INFO  TestBase:80 - Finding Element: By.cssSelector: #input-option209
2023-06-24 13:12:41 INFO  TestBase:85 - Found Element: By.cssSelector: #input-option209
2023-06-24 13:12:42 INFO  TestBase:80 - Finding Element: By.cssSelector: #button-upload222
2023-06-24 13:12:42 INFO  TestBase:85 - Found Element: By.cssSelector: #button-upload222
2023-06-24 13:12:42 INFO  TestBase:96 - Clicked on: [[ChromeDriver: chrome on WINDOWS (73f9c4f4765d389394a91485e07e5704)] -> css selector: #button-upload222]
2023-06-24 13:12:52 INFO  TestBase:21 - Alert accepted
2023-06-24 13:12:52 INFO  TestBase:80 - Finding Element: By.cssSelector: button#button-cart
2023-06-24 13:12:52 INFO  TestBase:85 - Found Element: By.cssSelector: button#button-cart
2023-06-24 13:12:52 INFO  TestBase:80 - Finding Element: By.cssSelector: button#button-cart
2023-06-24 13:12:52 INFO  TestBase:85 - Found Element: By.cssSelector: button#button-cart
2023-06-24 13:12:53 INFO  TestBase:80 - Finding Element: By.cssSelector: button#button-cart
2023-06-24 13:12:53 INFO  TestBase:85 - Found Element: By.cssSelector: button#button-cart
2023-06-24 13:12:53 INFO  TestBase:96 - Clicked on: [[ChromeDriver: chrome on WINDOWS (73f9c4f4765d389394a91485e07e5704)] -> css selector: button#button-cart]
2023-06-24 13:12:53 INFO  TestBase:80 - Finding Element: By.cssSelector: div.alert-success
2023-06-24 13:13:08 INFO  TestBase:80 - Finding Element: By.cssSelector: div.alert-success
2023-06-24 13:13:21 INFO  TestBase:85 - Found Element: By.cssSelector: div.alert-success
2023-06-24 13:13:21 INFO  TestBase:15 - Retrying failed test !!!!! vaildateOrderHasBeenPlaced for 1 times
2023-06-24 13:13:21 INFO  TestBase:29 - Test vaildateOrderHasBeenPlaced Skipped #######################################
2023-06-24 13:13:24 INFO  TestBase:37 - Navigating to URL: https://naveenautomationlabs.com/opencart/index.php?route=common/home
2023-06-24 13:13:28 INFO  TestBase:42 - Navigated to URL: https://naveenautomationlabs.com/opencart/index.php?route=common/home
2023-06-24 13:13:28 INFO  TestBase:13 - Test execution started for vaildateOrderHasBeenPlaced *************************************
2023-06-24 13:13:28 INFO  TestBase:80 - Finding Element: By.cssSelector: ul.nav>li:nth-of-type(3)  a
2023-06-24 13:13:28 INFO  TestBase:85 - Found Element: By.cssSelector: ul.nav>li:nth-of-type(3)  a
2023-06-24 13:13:28 INFO  TestBase:80 - Finding Element: By.cssSelector: ul.nav>li:nth-of-type(3)  a
2023-06-24 13:13:28 INFO  TestBase:85 - Found Element: By.cssSelector: ul.nav>li:nth-of-type(3)  a
2023-06-24 13:13:28 INFO  TestBase:80 - Finding Element: By.cssSelector: ul.nav>li:nth-of-type(3)  a
2023-06-24 13:13:28 INFO  TestBase:85 - Found Element: By.cssSelector: ul.nav>li:nth-of-type(3)  a
2023-06-24 13:13:28 INFO  TestBase:96 - Clicked on: [[ChromeDriver: chrome on WINDOWS (47acb17403eb43e411da69e8c9fd38ca)] -> css selector: ul.nav>li:nth-of-type(3)  a]
2023-06-24 13:13:28 INFO  TestBase:80 - Finding Element: By.xpath: //a[text() = 'Monitors (2)']
2023-06-24 13:13:29 INFO  TestBase:85 - Found Element: By.xpath: //a[text() = 'Monitors (2)']
2023-06-24 13:13:29 INFO  TestBase:80 - Finding Element: By.xpath: //a[text() = 'Monitors (2)']
2023-06-24 13:13:29 INFO  TestBase:85 - Found Element: By.xpath: //a[text() = 'Monitors (2)']
2023-06-24 13:13:29 INFO  TestBase:80 - Finding Element: By.xpath: //a[text() = 'Monitors (2)']
2023-06-24 13:13:29 INFO  TestBase:85 - Found Element: By.xpath: //a[text() = 'Monitors (2)']
2023-06-24 13:13:30 INFO  TestBase:96 - Clicked on: [[ChromeDriver: chrome on WINDOWS (47acb17403eb43e411da69e8c9fd38ca)] -> xpath: //a[text() = 'Monitors (2)']]
2023-06-24 13:13:30 INFO  TestBase:80 - Finding Element: By.xpath: //span[text()='Add to Cart']
2023-06-24 13:13:30 INFO  TestBase:85 - Found Element: By.xpath: //span[text()='Add to Cart']
2023-06-24 13:13:30 INFO  TestBase:80 - Finding Element: By.xpath: //span[text()='Add to Cart']
2023-06-24 13:13:30 INFO  TestBase:85 - Found Element: By.xpath: //span[text()='Add to Cart']
2023-06-24 13:13:30 INFO  TestBase:80 - Finding Element: By.xpath: //span[text()='Add to Cart']
2023-06-24 13:13:30 INFO  TestBase:85 - Found Element: By.xpath: //span[text()='Add to Cart']
2023-06-24 13:13:30 INFO  TestBase:96 - Clicked on: [[ChromeDriver: chrome on WINDOWS (47acb17403eb43e411da69e8c9fd38ca)] -> xpath: //span[text()='Add to Cart']]
2023-06-24 13:13:40 INFO  TestBase:80 - Finding Element: By.cssSelector: input[name='option[223][]']
2023-06-24 13:13:40 INFO  TestBase:85 - Found Element: By.cssSelector: input[name='option[223][]']
2023-06-24 13:13:40 INFO  TestBase:80 - Finding Element: By.cssSelector: input[name='option[223][]']
2023-06-24 13:13:40 INFO  TestBase:85 - Found Element: By.cssSelector: input[name='option[223][]']
2023-06-24 13:13:40 INFO  TestBase:80 - Finding Element: By.cssSelector: input[name='option[223][]']
2023-06-24 13:13:40 INFO  TestBase:85 - Found Element: By.cssSelector: input[name='option[223][]']
2023-06-24 13:13:40 INFO  TestBase:96 - Clicked on: [[ChromeDriver: chrome on WINDOWS (47acb17403eb43e411da69e8c9fd38ca)] -> css selector: input[name='option[223][]']]
2023-06-24 13:13:40 INFO  TestBase:80 - Finding Element: By.cssSelector: #input-option208
2023-06-24 13:13:40 INFO  TestBase:85 - Found Element: By.cssSelector: #input-option208
2023-06-24 13:13:40 INFO  TestBase:80 - Finding Element: By.cssSelector: #input-option208
2023-06-24 13:13:40 INFO  TestBase:85 - Found Element: By.cssSelector: #input-option208
2023-06-24 13:13:40 INFO  TestBase:80 - Finding Element: By.cssSelector: #input-option217
2023-06-24 13:13:40 INFO  TestBase:85 - Found Element: By.cssSelector: #input-option217
2023-06-24 13:13:40 INFO  TestBase:80 - Finding Element: By.cssSelector: #input-option217
2023-06-24 13:13:40 INFO  TestBase:85 - Found Element: By.cssSelector: #input-option217
2023-06-24 13:13:40 INFO  TestBase:80 - Finding Element: By.cssSelector: #input-option217
2023-06-24 13:13:40 INFO  TestBase:85 - Found Element: By.cssSelector: #input-option217
2023-06-24 13:13:40 INFO  TestBase:80 - Finding Element: By.cssSelector: #input-option217
2023-06-24 13:13:40 INFO  TestBase:85 - Found Element: By.cssSelector: #input-option217
2023-06-24 13:13:40 INFO  TestBase:80 - Finding Element: By.xpath: .//option[@value = "1"]
2023-06-24 13:13:40 INFO  TestBase:85 - Found Element: By.xpath: .//option[@value = "1"]
2023-06-24 13:13:40 INFO  TestBase:96 - Clicked on: [[[[ChromeDriver: chrome on WINDOWS (47acb17403eb43e411da69e8c9fd38ca)] -> css selector: #input-option217]] -> xpath: .//option[@value = "1"]]
2023-06-24 13:13:40 INFO  TestBase:80 - Finding Element: By.cssSelector: #input-option209
2023-06-24 13:13:40 INFO  TestBase:85 - Found Element: By.cssSelector: #input-option209
2023-06-24 13:13:41 INFO  TestBase:80 - Finding Element: By.cssSelector: #input-option209
2023-06-24 13:13:41 INFO  TestBase:85 - Found Element: By.cssSelector: #input-option209
2023-06-24 13:13:41 INFO  TestBase:80 - Finding Element: By.cssSelector: #button-upload222
2023-06-24 13:13:41 INFO  TestBase:85 - Found Element: By.cssSelector: #button-upload222
2023-06-24 13:13:41 INFO  TestBase:96 - Clicked on: [[ChromeDriver: chrome on WINDOWS (47acb17403eb43e411da69e8c9fd38ca)] -> css selector: #button-upload222]
2023-06-24 13:13:51 INFO  TestBase:21 - Alert accepted
2023-06-24 13:13:51 INFO  TestBase:80 - Finding Element: By.cssSelector: button#button-cart
2023-06-24 13:13:51 INFO  TestBase:85 - Found Element: By.cssSelector: button#button-cart
2023-06-24 13:13:51 INFO  TestBase:80 - Finding Element: By.cssSelector: button#button-cart
2023-06-24 13:13:51 INFO  TestBase:85 - Found Element: By.cssSelector: button#button-cart
2023-06-24 13:13:51 INFO  TestBase:80 - Finding Element: By.cssSelector: button#button-cart
2023-06-24 13:13:51 INFO  TestBase:85 - Found Element: By.cssSelector: button#button-cart
2023-06-24 13:13:51 INFO  TestBase:96 - Clicked on: [[ChromeDriver: chrome on WINDOWS (47acb17403eb43e411da69e8c9fd38ca)] -> css selector: button#button-cart]
2023-06-24 13:13:51 INFO  TestBase:80 - Finding Element: By.cssSelector: div.alert-success
2023-06-24 13:13:52 INFO  TestBase:85 - Found Element: By.cssSelector: div.alert-success
2023-06-24 13:13:52 INFO  TestBase:80 - Finding Element: By.cssSelector: div.alert-success
2023-06-24 13:13:52 INFO  TestBase:85 - Found Element: By.cssSelector: div.alert-success
2023-06-24 13:13:52 INFO  TestBase:158 - Got Text: Success: You have added Apple Cinema 30" to your shopping cart!
×
2023-06-24 13:13:52 INFO  TestBase:80 - Finding Element: By.cssSelector: div#product-product div.alert-success a:nth-of-type(2)
2023-06-24 13:13:52 INFO  TestBase:85 - Found Element: By.cssSelector: div#product-product div.alert-success a:nth-of-type(2)
2023-06-24 13:13:52 INFO  TestBase:80 - Finding Element: By.cssSelector: div#product-product div.alert-success a:nth-of-type(2)
2023-06-24 13:13:52 INFO  TestBase:85 - Found Element: By.cssSelector: div#product-product div.alert-success a:nth-of-type(2)
2023-06-24 13:13:53 INFO  TestBase:96 - Clicked on: [[ChromeDriver: chrome on WINDOWS (47acb17403eb43e411da69e8c9fd38ca)] -> css selector: div#product-product div.alert-success a:nth-of-type(2)]
2023-06-24 13:13:53 INFO  TestBase:80 - Finding Element: By.xpath: //a[text()='Checkout']
2023-06-24 13:13:53 INFO  TestBase:85 - Found Element: By.xpath: //a[text()='Checkout']
2023-06-24 13:13:54 INFO  TestBase:80 - Finding Element: By.xpath: //a[text()='Checkout']
2023-06-24 13:13:54 INFO  TestBase:85 - Found Element: By.xpath: //a[text()='Checkout']
2023-06-24 13:13:54 INFO  TestBase:80 - Finding Element: By.xpath: //a[text()='Checkout']
2023-06-24 13:13:54 INFO  TestBase:85 - Found Element: By.xpath: //a[text()='Checkout']
2023-06-24 13:13:55 INFO  TestBase:96 - Clicked on: [[ChromeDriver: chrome on WINDOWS (47acb17403eb43e411da69e8c9fd38ca)] -> xpath: //a[text()='Checkout']]
2023-06-24 13:13:55 INFO  TestBase:80 - Finding Element: By.cssSelector: #input-email
2023-06-24 13:14:10 INFO  TestBase:80 - Finding Element: By.cssSelector: #input-email
2023-06-24 13:14:25 INFO  TestBase:15 - Retrying failed test !!!!! vaildateOrderHasBeenPlaced for 2 times
2023-06-24 13:14:25 INFO  TestBase:23 - Test vaildateOrderHasBeenPlaced Failed !!!!!!!!!!!!!!!!!!!!!!!!!!!!!!!!!!!!!
2023-06-24 13:14:25 INFO  TestBase:142 - Test has failed!!!!! Taking screen shot
2023-06-24 13:14:25 INFO  TestBase:147 - Test has failed!!!!! Screen shot taken
